SF:lib/data/datasource/implementation/database/db.dart
DA:4,22
DA:5,7
DA:6,16
DA:9,2
DA:13,6
DA:14,6
DA:17,0
DA:18,0
LF:8
LH:6
end_of_record
SF:lib/data/datasource/implementation/database/nomenclatures_database_impl.dart
DA:18,3
DA:22,1
DA:24,1
DA:25,2
DA:28,1
DA:30,1
DA:32,4
DA:34,1
DA:35,0
DA:41,2
DA:43,4
DA:45,2
DA:46,2
DA:50,2
DA:51,2
DA:52,1
DA:56,1
DA:57,3
DA:58,1
DA:60,4
DA:61,4
DA:64,1
DA:65,2
DA:66,2
DA:67,2
DA:70,4
DA:71,1
DA:72,2
DA:73,4
DA:78,2
DA:79,2
DA:82,1
DA:83,2
DA:84,2
DA:88,1
DA:90,1
DA:91,2
DA:94,0
DA:96,0
DA:97,0
DA:100,0
DA:102,0
DA:103,0
DA:106,0
DA:109,0
DA:110,0
DA:111,0
DA:114,0
DA:120,0
DA:121,0
DA:123,0
DA:124,0
DA:125,0
DA:127,0
DA:129,0
DA:133,0
DA:135,0
DA:137,0
DA:138,0
DA:146,0
DA:149,0
DA:153,0
DA:155,0
DA:156,0
DA:157,0
DA:158,0
DA:159,0
DA:160,0
DA:161,0
DA:166,0
DA:167,0
DA:170,0
DA:171,0
DA:172,0
DA:176,0
DA:181,0
DA:187,0
DA:188,0
DA:190,0
DA:191,0
DA:193,0
DA:196,0
DA:197,0
DA:199,0
DA:202,0
DA:204,0
DA:205,0
DA:216,0
DA:220,0
DA:224,0
DA:226,0
DA:227,0
DA:228,0
DA:229,0
DA:230,0
DA:231,0
DA:232,0
DA:233,0
DA:237,0
DA:238,0
DA:241,0
DA:242,0
DA:243,0
DA:247,0
DA:252,0
DA:258,0
DA:259,0
DA:261,0
DA:262,0
DA:264,0
DA:268,0
DA:270,0
DA:272,0
DA:273,0
DA:281,0
DA:284,0
DA:288,0
DA:290,0
DA:291,0
DA:292,0
DA:293,0
DA:294,0
DA:295,0
DA:299,0
DA:300,0
DA:303,0
DA:304,0
DA:305,0
DA:309,0
DA:314,0
DA:319,0
DA:323,0
DA:324,0
DA:325,0
DA:326,0
DA:327,0
DA:328,0
DA:331,0
DA:332,0
DA:340,1
DA:342,1
DA:346,2
DA:347,4
DA:351,5
DA:353,1
DA:358,2
DA:360,1
DA:361,2
DA:362,2
DA:381,1
DA:383,1
DA:384,2
DA:388,1
DA:390,1
DA:392,2
DA:393,2
DA:394,1
DA:395,1
DA:396,1
DA:397,1
DA:398,1
DA:399,1
DA:400,1
DA:401,1
DA:402,1
DA:403,1
DA:404,1
DA:405,1
DA:406,1
DA:407,1
DA:408,1
DA:409,1
DA:410,1
DA:411,1
DA:412,1
DA:414,2
DA:415,1
DA:418,1
DA:421,1
DA:422,1
DA:423,1
DA:426,1
DA:427,1
DA:428,1
DA:429,1
DA:430,1
DA:431,1
DA:432,1
DA:433,1
DA:434,1
DA:435,1
DA:436,1
DA:437,1
DA:438,1
DA:439,1
DA:440,1
DA:441,1
DA:442,1
DA:443,1
DA:444,1
DA:446,2
DA:449,1
DA:451,1
DA:452,2
LF:204
LH:101
end_of_record
SF:lib/data/db/dao/bib_nomenclatures_types_dao.g.dart
DA:7,0
DA:8,0
LF:2
LH:0
end_of_record
SF:lib/data/db/dao/bib_nomenclatures_types_dao.dart
DA:11,0
DA:13,0
DA:14,0
DA:17,0
DA:19,0
DA:20,0
DA:21,0
DA:24,0
DA:25,0
DA:26,0
DA:27,0
DA:30,0
DA:32,0
DA:35,0
DA:37,0
DA:38,0
DA:42,0
DA:44,0
DA:47,0
DA:48,0
DA:49,0
DA:50,0
DA:53,0
DA:54,0
LF:24
LH:0
end_of_record
SF:lib/data/db/dao/t_nomenclatures_dao.g.dart
DA:7,0
LF:1
LH:0
end_of_record
SF:lib/data/db/dao/t_nomenclatures_dao.dart
DA:13,0
DA:15,0
DA:16,0
DA:19,0
DA:20,0
DA:22,0
DA:23,0
DA:27,0
DA:28,0
DA:29,0
DA:32,0
DA:34,0
DA:36,0
DA:40,0
DA:42,0
DA:43,0
DA:44,0
DA:46,0
DA:50,0
DA:52,0
DA:53,0
DA:54,0
DA:56,0
DA:60,0
DA:61,0
DA:62,0
DA:63,0
DA:64,0
LF:28
LH:0
end_of_record
SF:lib/data/db/database.g.dart
DA:10,3
DA:14,2
DA:15,1
DA:20,1
DA:67,0
DA:68,0
DA:69,0
DA:70,0
DA:71,0
DA:72,0
DA:73,0
DA:74,0
DA:75,0
DA:77,3
DA:78,6
DA:79,3
DA:82,0
DA:85,0
DA:86,0
DA:87,0
DA:88,0
DA:89,0
DA:91,0
DA:92,0
DA:94,0
DA:95,0
DA:97,0
DA:98,0
DA:100,0
DA:101,0
DA:103,0
DA:104,0
DA:106,0
DA:107,0
DA:109,0
DA:110,0
DA:112,0
DA:113,0
DA:115,0
DA:116,0
DA:118,0
DA:119,0
DA:121,0
DA:122,0
DA:124,0
DA:125,0
DA:130,0
DA:131,0
DA:132,0
DA:134,0
DA:135,0
DA:136,0
DA:137,0
DA:138,0
DA:139,0
DA:140,0
DA:141,0
DA:142,0
DA:143,0
DA:144,0
DA:145,0
DA:146,0
DA:147,0
DA:148,0
DA:149,0
DA:153,0
DA:155,0
DA:167,0
DA:175,0
DA:177,0
DA:178,0
DA:179,0
DA:180,0
DA:182,0
DA:183,0
DA:185,0
DA:186,0
DA:188,0
DA:189,0
DA:191,0
DA:192,0
DA:194,0
DA:198,0
DA:199,0
DA:200,0
DA:201,0
DA:203,0
DA:204,0
DA:206,0
DA:207,0
DA:209,0
DA:210,0
DA:212,0
DA:213,0
DA:215,0
DA:216,0
DA:220,0
DA:222,0
DA:223,0
DA:224,0
DA:225,0
DA:226,0
DA:227,0
DA:228,0
DA:229,0
DA:230,0
DA:233,0
DA:235,0
DA:236,0
DA:237,0
DA:238,0
DA:239,0
DA:240,0
DA:241,0
DA:242,0
DA:243,0
DA:247,0
DA:255,0
DA:256,0
DA:257,0
DA:258,0
DA:259,0
DA:261,0
DA:263,0
DA:264,0
DA:266,0
DA:267,0
DA:268,0
DA:270,0
DA:272,0
DA:274,0
DA:275,0
DA:276,0
DA:277,0
DA:278,0
DA:279,0
DA:280,0
DA:282,0
DA:286,0
DA:288,0
DA:289,0
DA:290,0
DA:291,0
DA:292,0
DA:293,0
DA:294,0
DA:295,0
DA:296,0
DA:297,0
DA:300,0
DA:301,0
DA:302,0
DA:303,0
DA:306,0
DA:307,0
DA:308,0
DA:309,0
DA:310,0
DA:311,0
DA:312,0
DA:313,0
DA:324,123
DA:333,0
DA:342,0
DA:351,0
DA:352,0
DA:353,0
DA:354,0
DA:355,0
DA:356,0
DA:357,0
DA:358,0
DA:362,0
DA:370,0
DA:371,0
DA:372,0
DA:373,0
DA:374,0
DA:375,0
DA:376,0
DA:377,0
DA:381,0
DA:383,0
DA:384,0
DA:385,0
DA:387,0
DA:388,0
DA:390,0
DA:391,0
DA:393,0
DA:394,0
DA:396,0
DA:397,0
DA:399,0
DA:400,0
DA:402,0
DA:403,0
DA:408,0
DA:410,0
DA:411,0
DA:412,0
DA:413,0
DA:414,0
DA:415,0
DA:416,0
DA:417,0
DA:418,0
DA:419,0
DA:428,0
DA:510,0
DA:511,0
DA:512,0
DA:513,0
DA:514,0
DA:515,0
DA:516,0
DA:517,0
DA:518,0
DA:519,0
DA:520,0
DA:521,0
DA:522,0
DA:523,0
DA:524,0
DA:526,0
DA:527,0
DA:528,0
DA:531,0
DA:534,0
DA:535,0
DA:536,0
DA:537,0
DA:539,0
DA:540,0
DA:542,0
DA:543,0
DA:545,0
DA:546,0
DA:548,0
DA:549,0
DA:551,0
DA:552,0
DA:554,0
DA:555,0
DA:557,0
DA:558,0
DA:560,0
DA:561,0
DA:563,0
DA:564,0
DA:566,0
DA:567,0
DA:569,0
DA:570,0
DA:572,0
DA:573,0
DA:575,0
DA:576,0
DA:578,0
DA:579,0
DA:580,0
DA:582,0
DA:583,0
DA:585,0
DA:586,0
DA:588,0
DA:589,0
DA:591,0
DA:592,0
DA:594,0
DA:595,0
DA:597,0
DA:598,0
DA:600,0
DA:601,0
DA:603,0
DA:604,0
DA:606,0
DA:607,0
DA:609,0
DA:610,0
DA:615,0
DA:616,0
DA:617,0
DA:619,0
DA:620,0
DA:621,0
DA:622,0
DA:623,0
DA:624,0
DA:625,0
DA:626,0
DA:627,0
DA:628,0
DA:629,0
DA:630,0
DA:631,0
DA:632,0
DA:633,0
DA:634,0
DA:635,0
DA:636,0
DA:637,0
DA:638,0
DA:639,0
DA:640,0
DA:641,0
DA:642,0
DA:643,0
DA:644,0
DA:645,0
DA:646,0
DA:650,0
DA:652,0
DA:670,0
DA:684,0
DA:686,0
DA:687,0
DA:688,0
DA:689,0
DA:691,0
DA:692,0
DA:694,0
DA:695,0
DA:697,0
DA:698,0
DA:700,0
DA:701,0
DA:703,0
DA:704,0
DA:706,0
DA:707,0
DA:709,0
DA:710,0
DA:712,0
DA:713,0
DA:715,0
DA:716,0
DA:718,0
DA:719,0
DA:721,0
DA:722,0
DA:727,0
DA:728,0
DA:729,0
DA:730,0
DA:732,0
DA:733,0
DA:735,0
DA:736,0
DA:738,0
DA:739,0
DA:741,0
DA:742,0
DA:744,0
DA:745,0
DA:747,0
DA:748,0
DA:749,0
DA:751,0
DA:752,0
DA:754,0
DA:755,0
DA:757,0
DA:758,0
DA:760,0
DA:761,0
DA:763,0
DA:767,0
DA:769,0
DA:770,0
DA:771,0
DA:772,0
DA:773,0
DA:774,0
DA:776,0
DA:777,0
DA:778,0
DA:779,0
DA:780,0
DA:781,0
DA:782,0
DA:783,0
DA:784,0
DA:787,0
DA:789,0
DA:790,0
DA:791,0
DA:792,0
DA:793,0
DA:794,0
DA:795,0
DA:796,0
DA:797,0
DA:798,0
DA:799,0
DA:800,0
DA:801,0
DA:802,0
DA:803,0
DA:807,0
DA:821,0
DA:822,0
DA:823,0
DA:824,0
DA:826,0
DA:827,0
DA:828,0
DA:829,0
DA:831,0
DA:833,0
DA:834,0
DA:836,0
DA:838,0
DA:840,0
DA:841,0
DA:842,0
DA:844,0
DA:845,0
DA:847,0
DA:849,0
DA:851,0
DA:852,0
DA:853,0
DA:854,0
DA:855,0
DA:856,0
DA:857,0
DA:858,0
DA:859,0
DA:860,0
DA:861,0
DA:862,0
DA:863,0
DA:864,0
DA:865,0
DA:866,0
DA:867,0
DA:868,0
DA:869,0
DA:870,0
DA:871,0
DA:872,0
DA:873,0
DA:875,0
DA:877,0
DA:881,0
DA:883,0
DA:884,0
DA:885,0
DA:886,0
DA:887,0
DA:888,0
DA:889,0
DA:890,0
DA:891,0
DA:892,0
DA:893,0
DA:894,0
DA:895,0
DA:896,0
DA:897,0
DA:898,0
DA:901,0
DA:902,0
DA:903,0
DA:904,0
DA:905,0
DA:906,0
DA:907,0
DA:908,0
DA:909,0
DA:910,0
DA:911,0
DA:912,0
DA:913,0
DA:914,0
DA:915,0
DA:916,0
DA:919,0
DA:920,0
DA:921,0
DA:922,0
DA:923,0
DA:924,0
DA:925,0
DA:926,0
DA:927,0
DA:928,0
DA:929,0
DA:930,0
DA:931,0
DA:932,0
DA:949,0
DA:964,0
DA:979,0
DA:994,0
DA:995,0
DA:996,0
DA:997,0
DA:998,0
DA:1000,0
DA:1001,0
DA:1002,0
DA:1003,0
DA:1004,0
DA:1005,0
DA:1006,0
DA:1007,0
DA:1008,0
DA:1012,0
DA:1026,0
DA:1027,0
DA:1028,0
DA:1029,0
DA:1030,0
DA:1031,0
DA:1032,0
DA:1033,0
DA:1034,0
DA:1035,0
DA:1036,0
DA:1037,0
DA:1038,0
DA:1039,0
DA:1043,0
DA:1045,0
DA:1046,0
DA:1047,0
DA:1049,0
DA:1050,0
DA:1052,0
DA:1053,0
DA:1055,0
DA:1056,0
DA:1058,0
DA:1059,0
DA:1060,0
DA:1062,0
DA:1063,0
DA:1065,0
DA:1066,0
DA:1068,0
DA:1069,0
DA:1071,0
DA:1072,0
DA:1074,0
DA:1075,0
DA:1077,0
DA:1078,0
DA:1080,0
DA:1081,0
DA:1083,0
DA:1084,0
DA:1089,0
DA:1091,0
DA:1092,0
DA:1093,0
DA:1094,0
DA:1095,0
DA:1096,0
DA:1097,0
DA:1098,0
DA:1099,0
DA:1100,0
DA:1101,0
DA:1102,0
DA:1103,0
DA:1104,0
DA:1105,0
DA:1106,0
DA:1115,0
DA:1264,0
DA:1265,0
DA:1266,0
DA:1267,0
DA:1268,0
DA:1269,0
DA:1270,0
DA:1271,0
DA:1272,0
DA:1273,0
DA:1274,0
DA:1275,0
DA:1276,0
DA:1277,0
DA:1278,0
DA:1279,0
DA:1280,0
DA:1281,0
DA:1282,0
DA:1283,0
DA:1284,0
DA:1285,0
DA:1286,0
DA:1287,0
DA:1288,0
DA:1289,0
DA:1291,0
DA:1292,0
DA:1293,0
DA:1296,0
DA:1299,0
DA:1300,0
DA:1301,0
DA:1302,0
DA:1304,0
DA:1305,0
DA:1307,0
DA:1308,0
DA:1309,0
DA:1311,0
DA:1313,0
DA:1314,0
DA:1316,0
DA:1317,0
DA:1319,0
DA:1321,0
DA:1322,0
DA:1324,0
DA:1325,0
DA:1327,0
DA:1328,0
DA:1329,0
DA:1331,0
DA:1332,0
DA:1334,0
DA:1335,0
DA:1337,0
DA:1338,0
DA:1340,0
DA:1341,0
DA:1343,0
DA:1344,0
DA:1345,0
DA:1347,0
DA:1348,0
DA:1350,0
DA:1351,0
DA:1353,0
DA:1354,0
DA:1355,0
DA:1357,0
DA:1358,0
DA:1360,0
DA:1361,0
DA:1363,0
DA:1364,0
DA:1365,0
DA:1367,0
DA:1368,0
DA:1370,0
DA:1371,0
DA:1373,0
DA:1374,0
DA:1375,0
DA:1377,0
DA:1378,0
DA:1380,0
DA:1381,0
DA:1383,0
DA:1384,0
DA:1385,0
DA:1387,0
DA:1388,0
DA:1390,0
DA:1391,0
DA:1393,0
DA:1394,0
DA:1395,0
DA:1397,0
DA:1398,0
DA:1399,0
DA:1401,0
DA:1402,0
DA:1403,0
DA:1405,0
DA:1406,0
DA:1407,0
DA:1409,0
DA:1410,0
DA:1411,0
DA:1413,0
DA:1414,0
DA:1416,0
DA:1417,0
DA:1419,0
DA:1420,0
DA:1422,0
DA:1423,0
DA:1428,0
DA:1429,0
DA:1430,0
DA:1432,0
DA:1433,0
DA:1434,0
DA:1435,0
DA:1436,0
DA:1437,0
DA:1438,0
DA:1439,0
DA:1440,0
DA:1441,0
DA:1442,0
DA:1443,0
DA:1444,0
DA:1445,0
DA:1446,0
DA:1447,0
DA:1448,0
DA:1449,0
DA:1450,0
DA:1451,0
DA:1452,0
DA:1453,0
DA:1454,0
DA:1455,0
DA:1456,0
DA:1457,0
DA:1458,0
DA:1459,0
DA:1460,0
DA:1461,0
DA:1462,0
DA:1463,0
DA:1464,0
DA:1465,0
DA:1466,0
DA:1467,0
DA:1468,0
DA:1469,0
DA:1470,0
DA:1471,0
DA:1472,0
DA:1473,0
DA:1474,0
DA:1475,0
DA:1476,0
DA:1477,0
DA:1478,0
DA:1479,0
DA:1480,0
DA:1481,0
DA:1485,0
DA:1487,0
DA:1516,0
DA:1541,0
DA:1543,0
DA:1544,0
DA:1545,0
DA:1546,0
DA:1547,0
DA:1548,0
DA:1550,0
DA:1551,0
DA:1553,0
DA:1554,0
DA:1556,0
DA:1557,0
DA:1559,0
DA:1560,0
DA:1562,0
DA:1563,0
DA:1565,0
DA:1566,0
DA:1568,0
DA:1569,0
DA:1571,0
DA:1572,0
DA:1574,0
DA:1575,0
DA:1577,0
DA:1578,0
DA:1580,0
DA:1581,0
DA:1583,0
DA:1584,0
DA:1586,0
DA:1587,0
DA:1589,0
DA:1590,0
DA:1592,0
DA:1593,0
DA:1595,0
DA:1596,0
DA:1598,0
DA:1599,0
DA:1601,0
DA:1602,0
DA:1603,0
DA:1605,0
DA:1606,0
DA:1611,0
DA:1612,0
DA:1613,0
DA:1614,0
DA:1615,0
DA:1616,0
DA:1618,0
DA:1619,0
DA:1621,0
DA:1622,0
DA:1624,0
DA:1625,0
DA:1627,0
DA:1628,0
DA:1630,0
DA:1631,0
DA:1633,0
DA:1634,0
DA:1636,0
DA:1637,0
DA:1639,0
DA:1640,0
DA:1642,0
DA:1643,0
DA:1645,0
DA:1646,0
DA:1648,0
DA:1649,0
DA:1651,0
DA:1652,0
DA:1654,0
DA:1655,0
DA:1657,0
DA:1659,0
DA:1661,0
DA:1662,0
DA:1664,0
DA:1665,0
DA:1667,0
DA:1668,0
DA:1669,0
DA:1671,0
DA:1672,0
DA:1674,0
DA:1678,0
DA:1680,0
DA:1681,0
DA:1682,0
DA:1683,0
DA:1684,0
DA:1685,0
DA:1686,0
DA:1687,0
DA:1689,0
DA:1690,0
DA:1691,0
DA:1692,0
DA:1693,0
DA:1694,0
DA:1695,0
DA:1696,0
DA:1697,0
DA:1698,0
DA:1699,0
DA:1700,0
DA:1701,0
DA:1702,0
DA:1703,0
DA:1704,0
DA:1705,0
DA:1706,0
DA:1709,0
DA:1711,0
DA:1712,0
DA:1713,0
DA:1714,0
DA:1715,0
DA:1716,0
DA:1717,0
DA:1718,0
DA:1719,0
DA:1720,0
DA:1721,0
DA:1722,0
DA:1723,0
DA:1724,0
DA:1725,0
DA:1726,0
DA:1727,0
DA:1728,0
DA:1729,0
DA:1730,0
DA:1731,0
DA:1732,0
DA:1733,0
DA:1734,0
DA:1735,0
DA:1736,0
DA:1740,0
DA:1765,0
DA:1766,0
DA:1767,0
DA:1768,0
DA:1769,0
DA:1770,0
DA:1772,0
DA:1773,0
DA:1774,0
DA:1775,0
DA:1776,0
DA:1778,0
DA:1779,0
DA:1781,0
DA:1782,0
DA:1784,0
DA:1785,0
DA:1787,0
DA:1788,0
DA:1790,0
DA:1791,0
DA:1792,0
DA:1793,0
DA:1794,0
DA:1795,0
DA:1797,0
DA:1799,0
DA:1801,0
DA:1802,0
DA:1803,0
DA:1804,0
DA:1805,0
DA:1806,0
DA:1807,0
DA:1808,0
DA:1809,0
DA:1811,0
DA:1812,0
DA:1813,0
DA:1814,0
DA:1815,0
DA:1816,0
DA:1817,0
DA:1818,0
DA:1819,0
DA:1820,0
DA:1821,0
DA:1822,0
DA:1823,0
DA:1824,0
DA:1825,0
DA:1826,0
DA:1827,0
DA:1828,0
DA:1829,0
DA:1830,0
DA:1831,0
DA:1832,0
DA:1833,0
DA:1834,0
DA:1835,0
DA:1836,0
DA:1837,0
DA:1838,0
DA:1839,0
DA:1840,0
DA:1841,0
DA:1842,0
DA:1843,0
DA:1844,0
DA:1845,0
DA:1846,0
DA:1847,0
DA:1848,0
DA:1849,0
DA:1853,0
DA:1855,0
DA:1856,0
DA:1857,0
DA:1858,0
DA:1859,0
DA:1860,0
DA:1861,0
DA:1862,0
DA:1863,0
DA:1864,0
DA:1865,0
DA:1866,0
DA:1867,0
DA:1868,0
DA:1869,0
DA:1870,0
DA:1871,0
DA:1872,0
DA:1873,0
DA:1874,0
DA:1875,0
DA:1876,0
DA:1877,0
DA:1878,0
DA:1879,0
DA:1880,0
DA:1881,0
DA:1884,0
DA:1885,0
DA:1886,0
DA:1887,0
DA:1888,0
DA:1889,0
DA:1890,0
DA:1891,0
DA:1892,0
DA:1893,0
DA:1894,0
DA:1895,0
DA:1896,0
DA:1897,0
DA:1898,0
DA:1899,0
DA:1900,0
DA:1901,0
DA:1902,0
DA:1903,0
DA:1904,0
DA:1905,0
DA:1906,0
DA:1907,0
DA:1908,0
DA:1909,0
DA:1911,0
DA:1914,0
DA:1915,0
DA:1916,0
DA:1917,0
DA:1918,0
DA:1919,0
DA:1920,0
DA:1921,0
DA:1922,0
DA:1923,0
DA:1924,0
DA:1925,0
DA:1926,0
DA:1927,0
DA:1928,0
DA:1929,0
DA:1930,0
DA:1931,0
DA:1932,0
DA:1933,0
DA:1934,0
DA:1935,0
DA:1936,0
DA:1937,0
DA:1938,0
DA:1966,0
DA:1992,0
DA:2017,0
DA:2018,0
DA:2019,0
DA:2045,0
DA:2046,0
DA:2047,0
DA:2048,0
DA:2049,0
DA:2050,0
DA:2051,0
DA:2052,0
DA:2053,0
DA:2054,0
DA:2055,0
DA:2056,0
DA:2057,0
DA:2058,0
DA:2059,0
DA:2060,0
DA:2061,0
DA:2062,0
DA:2063,0
DA:2064,0
DA:2065,0
DA:2066,0
DA:2067,0
DA:2068,0
DA:2069,0
DA:2073,0
DA:2098,0
DA:2099,0
DA:2100,0
DA:2101,0
DA:2102,0
DA:2103,0
DA:2104,0
DA:2105,0
DA:2106,0
DA:2107,0
DA:2108,0
DA:2109,0
DA:2110,0
DA:2111,0
DA:2112,0
DA:2113,0
DA:2114,0
DA:2115,0
DA:2116,0
DA:2117,0
DA:2118,0
DA:2119,0
DA:2120,0
DA:2121,0
DA:2122,0
DA:2126,0
DA:2128,0
DA:2129,0
DA:2130,0
DA:2132,0
DA:2133,0
DA:2135,0
DA:2136,0
DA:2138,0
DA:2139,0
DA:2141,0
DA:2142,0
DA:2144,0
DA:2145,0
DA:2147,0
DA:2148,0
DA:2150,0
DA:2151,0
DA:2153,0
DA:2154,0
DA:2156,0
DA:2157,0
DA:2159,0
DA:2160,0
DA:2162,0
DA:2163,0
DA:2165,0
DA:2166,0
DA:2168,0
DA:2169,0
DA:2171,0
DA:2172,0
DA:2174,0
DA:2175,0
DA:2177,0
DA:2178,0
DA:2180,0
DA:2181,0
DA:2183,0
DA:2184,0
DA:2186,0
DA:2187,0
DA:2189,0
DA:2190,0
DA:2192,0
DA:2193,0
DA:2195,0
DA:2196,0
DA:2198,0
DA:2199,0
DA:2204,0
DA:2206,0
DA:2207,0
DA:2208,0
DA:2209,0
DA:2210,0
DA:2211,0
DA:2212,0
DA:2213,0
DA:2214,0
DA:2215,0
DA:2216,0
DA:2217,0
DA:2218,0
DA:2219,0
DA:2220,0
DA:2221,0
DA:2222,0
DA:2223,0
DA:2224,0
DA:2225,0
DA:2226,0
DA:2227,0
DA:2228,0
DA:2229,0
DA:2230,0
DA:2231,0
DA:2232,0
DA:2241,0
DA:2411,0
DA:2412,0
DA:2413,0
DA:2414,0
DA:2415,0
DA:2416,0
DA:2417,0
DA:2418,0
DA:2419,0
DA:2420,0
DA:2421,0
DA:2422,0
DA:2423,0
DA:2424,0
DA:2425,0
DA:2426,0
DA:2427,0
DA:2428,0
DA:2429,0
DA:2430,0
DA:2431,0
DA:2432,0
DA:2433,0
DA:2434,0
DA:2435,0
DA:2436,0
DA:2437,0
DA:2439,0
DA:2440,0
DA:2441,0
DA:2444,0
DA:2447,0
DA:2448,0
DA:2449,0
DA:2450,0
DA:2451,0
DA:2453,0
DA:2454,0
DA:2456,0
DA:2457,0
DA:2459,0
DA:2461,0
DA:2462,0
DA:2464,0
DA:2465,0
DA:2467,0
DA:2469,0
DA:2470,0
DA:2472,0
DA:2473,0
DA:2475,0
DA:2477,0
DA:2478,0
DA:2480,0
DA:2481,0
DA:2483,0
DA:2485,0
DA:2486,0
DA:2488,0
DA:2489,0
DA:2491,0
DA:2493,0
DA:2494,0
DA:2496,0
DA:2497,0
DA:2499,0
DA:2501,0
DA:2502,0
DA:2503,0
DA:2505,0
DA:2506,0
DA:2508,0
DA:2509,0
DA:2511,0
DA:2513,0
DA:2514,0
DA:2516,0
DA:2517,0
DA:2519,0
DA:2521,0
DA:2522,0
DA:2524,0
DA:2525,0
DA:2528,0
DA:2530,0
DA:2531,0
DA:2532,0
DA:2534,0
DA:2535,0
DA:2536,0
DA:2538,0
DA:2539,0
DA:2540,0
DA:2542,0
DA:2543,0
DA:2544,0
DA:2546,0
DA:2547,0
DA:2549,0
DA:2550,0
DA:2553,0
DA:2555,0
DA:2556,0
DA:2558,0
DA:2559,0
DA:2562,0
DA:2564,0
DA:2565,0
DA:2567,0
DA:2568,0
DA:2571,0
DA:2573,0
DA:2574,0
DA:2576,0
DA:2577,0
DA:2580,0
DA:2582,0
DA:2583,0
DA:2584,0
DA:2586,0
DA:2587,0
DA:2588,0
DA:2590,0
DA:2591,0
DA:2593,0
DA:2594,0
DA:2596,0
DA:2597,0
DA:2599,0
DA:2600,0
DA:2602,0
DA:2603,0
DA:2605,0
DA:2606,0
DA:2608,0
DA:2609,0
DA:2611,0
DA:2612,0
DA:2617,0
DA:2618,0
DA:2619,0
DA:2621,0
DA:2622,0
DA:2623,0
DA:2624,0
DA:2625,0
DA:2626,0
DA:2627,0
DA:2629,0
DA:2630,0
DA:2631,0
DA:2632,0
DA:2633,0
DA:2634,0
DA:2635,0
DA:2636,0
DA:2638,0
DA:2639,0
DA:2640,0
DA:2641,0
DA:2642,0
DA:2643,0
DA:2644,0
DA:2645,0
DA:2647,0
DA:2648,0
DA:2649,0
DA:2650,0
DA:2651,0
DA:2652,0
DA:2653,0
DA:2654,0
DA:2655,0
DA:2656,0
DA:2658,0
DA:2659,0
DA:2661,0
DA:2662,0
DA:2664,0
DA:2665,0
DA:2667,0
DA:2668,0
DA:2669,0
DA:2670,0
DA:2671,0
DA:2672,0
DA:2673,0
DA:2674,0
DA:2675,0
DA:2676,0
DA:2677,0
DA:2678,0
DA:2679,0
DA:2683,0
DA:2685,0
DA:2715,0
DA:2741,0
DA:2743,0
DA:2744,0
DA:2745,0
DA:2746,0
DA:2747,0
DA:2748,0
DA:2749,0
DA:2750,0
DA:2751,0
DA:2752,0
DA:2754,0
DA:2755,0
DA:2756,0
DA:2757,0
DA:2758,0
DA:2759,0
DA:2761,0
DA:2762,0
DA:2764,0
DA:2765,0
DA:2767,0
DA:2768,0
DA:2770,0
DA:2771,0
DA:2772,0
DA:2773,0
DA:2774,0
DA:2775,0
DA:2776,0
DA:2777,0
DA:2778,0
DA:2779,0
DA:2780,0
DA:2782,0
DA:2783,0
DA:2785,0
DA:2786,0
DA:2788,0
DA:2789,0
DA:2791,0
DA:2792,0
DA:2797,0
DA:2798,0
DA:2799,0
DA:2800,0
DA:2801,0
DA:2802,0
DA:2803,0
DA:2804,0
DA:2805,0
DA:2806,0
DA:2808,0
DA:2809,0
DA:2810,0
DA:2811,0
DA:2812,0
DA:2814,0
DA:2815,0
DA:2817,0
DA:2818,0
DA:2820,0
DA:2821,0
DA:2823,0
DA:2824,0
DA:2825,0
DA:2826,0
DA:2827,0
DA:2828,0
DA:2829,0
DA:2831,0
DA:2832,0
DA:2834,0
DA:2835,0
DA:2837,0
DA:2838,0
DA:2840,0
DA:2841,0
DA:2843,0
DA:2847,0
DA:2849,0
DA:2850,0
DA:2851,0
DA:2852,0
DA:2854,0
DA:2855,0
DA:2856,0
DA:2857,0
DA:2859,0
DA:2860,0
DA:2861,0
DA:2862,0
DA:2864,0
DA:2865,0
DA:2866,0
DA:2867,0
DA:2868,0
DA:2870,0
DA:2872,0
DA:2874,0
DA:2876,0
DA:2877,0
DA:2878,0
DA:2879,0
DA:2880,0
DA:2881,0
DA:2882,0
DA:2885,0
DA:2887,0
DA:2888,0
DA:2889,0
DA:2890,0
DA:2891,0
DA:2892,0
DA:2893,0
DA:2894,0
DA:2895,0
DA:2896,0
DA:2897,0
DA:2898,0
DA:2900,0
DA:2901,0
DA:2902,0
DA:2903,0
DA:2904,0
DA:2906,0
DA:2908,0
DA:2910,0
DA:2912,0
DA:2913,0
DA:2914,0
DA:2915,0
DA:2916,0
DA:2917,0
DA:2918,0
DA:2922,0
DA:2948,0
DA:2949,0
DA:2950,0
DA:2952,0
DA:2953,0
DA:2954,0
DA:2955,0
DA:2957,0
DA:2958,0
DA:2959,0
DA:2960,0
DA:2962,0
DA:2963,0
DA:2964,0
DA:2965,0
DA:2966,0
DA:2968,0
DA:2970,0
DA:2972,0
DA:2974,0
DA:2975,0
DA:2976,0
DA:2977,0
DA:2978,0
DA:2980,0
DA:2982,0
DA:2984,0
DA:2985,0
DA:2986,0
DA:2987,0
DA:2988,0
DA:2989,0
DA:2990,0
DA:2991,0
DA:2992,0
DA:2994,0
DA:2995,0
DA:2996,0
DA:2997,0
DA:2999,0
DA:3000,0
DA:3001,0
DA:3002,0
DA:3003,0
DA:3004,0
DA:3005,0
DA:3006,0
DA:3007,0
DA:3008,0
DA:3009,0
DA:3010,0
DA:3011,0
DA:3012,0
DA:3013,0
DA:3014,0
DA:3015,0
DA:3016,0
DA:3018,0
DA:3019,0
DA:3020,0
DA:3021,0
DA:3022,0
DA:3023,0
DA:3024,0
DA:3025,0
DA:3026,0
DA:3027,0
DA:3028,0
DA:3029,0
DA:3030,0
DA:3031,0
DA:3033,0
DA:3035,0
DA:3036,0
DA:3037,0
DA:3038,0
DA:3039,0
DA:3040,0
DA:3041,0
DA:3045,0
DA:3047,0
DA:3048,0
DA:3049,0
DA:3050,0
DA:3051,0
DA:3052,0
DA:3053,0
DA:3054,0
DA:3055,0
DA:3056,0
DA:3057,0
DA:3058,0
DA:3059,0
DA:3060,0
DA:3061,0
DA:3062,0
DA:3063,0
DA:3064,0
DA:3065,0
DA:3066,0
DA:3067,0
DA:3068,0
DA:3069,0
DA:3070,0
DA:3071,0
DA:3072,0
DA:3073,0
DA:3074,0
DA:3075,0
DA:3076,0
DA:3079,0
DA:3080,0
DA:3081,0
DA:3082,0
DA:3083,0
DA:3084,0
DA:3085,0
DA:3086,0
DA:3087,0
DA:3088,0
DA:3089,0
DA:3090,0
DA:3091,0
DA:3092,0
DA:3093,0
DA:3094,0
DA:3095,0
DA:3096,0
DA:3097,0
DA:3098,0
DA:3099,0
DA:3100,0
DA:3101,0
DA:3102,0
DA:3103,0
DA:3104,0
DA:3105,0
DA:3107,0
DA:3110,0
DA:3111,0
DA:3112,0
DA:3113,0
DA:3114,0
DA:3115,0
DA:3116,0
DA:3117,0
DA:3118,0
DA:3119,0
DA:3120,0
DA:3121,0
DA:3122,0
DA:3123,0
DA:3124,0
DA:3125,0
DA:3126,0
DA:3127,0
DA:3128,0
DA:3129,0
DA:3130,0
DA:3131,0
DA:3132,0
DA:3133,0
DA:3134,0
DA:3135,0
DA:3136,0
DA:3137,0
DA:3166,0
DA:3193,0
DA:3219,0
DA:3220,0
DA:3221,0
DA:3222,0
DA:3223,0
DA:3224,0
DA:3225,0
DA:3226,0
DA:3227,0
DA:3228,0
DA:3229,0
DA:3230,0
DA:3231,0
DA:3232,0
DA:3259,0
DA:3260,0
DA:3261,0
DA:3263,0
DA:3264,0
DA:3265,0
DA:3266,0
DA:3268,0
DA:3269,0
DA:3270,0
DA:3271,0
DA:3273,0
DA:3274,0
DA:3275,0
DA:3276,0
DA:3277,0
DA:3279,0
DA:3281,0
DA:3283,0
DA:3285,0
DA:3286,0
DA:3287,0
DA:3288,0
DA:3289,0
DA:3290,0
DA:3291,0
DA:3295,0
DA:3321,0
DA:3322,0
DA:3323,0
DA:3325,0
DA:3326,0
DA:3327,0
DA:3328,0
DA:3330,0
DA:3331,0
DA:3332,0
DA:3333,0
DA:3335,0
DA:3336,0
DA:3337,0
DA:3338,0
DA:3339,0
DA:3341,0
DA:3343,0
DA:3345,0
DA:3347,0
DA:3348,0
DA:3349,0
DA:3350,0
DA:3351,0
DA:3352,0
DA:3353,0
DA:3357,0
DA:3359,0
DA:3360,0
DA:3361,0
DA:3363,0
DA:3364,0
DA:3366,0
DA:3367,0
DA:3368,0
DA:3370,0
DA:3371,0
DA:3373,0
DA:3374,0
DA:3376,0
DA:3377,0
DA:3379,0
DA:3380,0
DA:3381,0
DA:3383,0
DA:3384,0
DA:3386,0
DA:3387,0
DA:3389,0
DA:3390,0
DA:3392,0
DA:3393,0
DA:3394,0
DA:3396,0
DA:3397,0
DA:3399,0
DA:3400,0
DA:3402,0
DA:3403,0
DA:3405,0
DA:3406,0
DA:3408,0
DA:3409,0
DA:3410,0
DA:3412,0
DA:3413,0
DA:3414,0
DA:3416,0
DA:3417,0
DA:3418,0
DA:3420,0
DA:3421,0
DA:3422,0
DA:3424,0
DA:3425,0
DA:3427,0
DA:3428,0
DA:3430,0
DA:3431,0
DA:3433,0
DA:3434,0
DA:3436,0
DA:3437,0
DA:3439,0
DA:3440,0
DA:3445,0
DA:3447,0
DA:3448,0
DA:3449,0
DA:3450,0
DA:3451,0
DA:3452,0
DA:3453,0
DA:3454,0
DA:3455,0
DA:3456,0
DA:3457,0
DA:3458,0
DA:3459,0
DA:3460,0
DA:3461,0
DA:3462,0
DA:3463,0
DA:3464,0
DA:3465,0
DA:3466,0
DA:3467,0
DA:3468,0
DA:3469,0
DA:3470,0
DA:3471,0
DA:3472,0
DA:3473,0
DA:3474,0
DA:3475,0
DA:3476,0
DA:3485,1
DA:3489,2
DA:3490,1
DA:3495,1
DA:3555,0
DA:3556,0
DA:3557,0
DA:3558,0
DA:3559,0
DA:3560,0
DA:3561,0
DA:3562,0
DA:3563,0
DA:3564,0
DA:3565,0
DA:3567,1
DA:3568,2
DA:3569,1
DA:3572,0
DA:3575,0
DA:3576,0
DA:3577,0
DA:3578,0
DA:3579,0
DA:3581,0
DA:3582,0
DA:3584,0
DA:3585,0
DA:3587,0
DA:3588,0
DA:3590,0
DA:3591,0
DA:3593,0
DA:3594,0
DA:3596,0
DA:3597,0
DA:3599,0
DA:3600,0
DA:3601,0
DA:3603,0
DA:3604,0
DA:3606,0
DA:3607,0
DA:3610,0
DA:3611,0
DA:3613,0
DA:3614,0
DA:3616,0
DA:3617,0
DA:3618,0
DA:3620,0
DA:3621,0
DA:3623,0
DA:3624,0
DA:3629,0
DA:3630,0
DA:3631,0
DA:3633,0
DA:3634,0
DA:3635,0
DA:3636,0
DA:3637,0
DA:3639,0
DA:3640,0
DA:3641,0
DA:3642,0
DA:3643,0
DA:3644,0
DA:3645,0
DA:3646,0
DA:3648,0
DA:3649,0
DA:3650,0
DA:3651,0
DA:3652,0
DA:3653,0
DA:3654,0
DA:3658,0
DA:3660,0
DA:3675,0
DA:3685,0
DA:3687,0
DA:3688,0
DA:3689,0
DA:3690,0
DA:3692,0
DA:3693,0
DA:3695,0
DA:3696,0
DA:3698,0
DA:3699,0
DA:3700,0
DA:3701,0
DA:3702,0
DA:3704,0
DA:3705,0
DA:3707,0
DA:3708,0
DA:3713,0
DA:3714,0
DA:3715,0
DA:3716,0
DA:3718,0
DA:3719,0
DA:3721,0
DA:3722,0
DA:3724,0
DA:3725,0
DA:3726,0
DA:3727,0
DA:3729,0
DA:3730,0
DA:3731,0
DA:3733,0
DA:3737,0
DA:3739,0
DA:3740,0
DA:3741,0
DA:3743,0
DA:3744,0
DA:3745,0
DA:3746,0
DA:3748,0
DA:3749,0
DA:3750,0
DA:3751,0
DA:3754,0
DA:3756,0
DA:3757,0
DA:3758,0
DA:3759,0
DA:3760,0
DA:3761,0
DA:3762,0
DA:3764,0
DA:3765,0
DA:3766,0
DA:3767,0
DA:3771,0
DA:3781,0
DA:3782,0
DA:3783,0
DA:3784,0
DA:3785,0
DA:3787,0
DA:3789,0
DA:3790,0
DA:3792,0
DA:3793,0
DA:3794,0
DA:3795,0
DA:3796,0
DA:3798,0
DA:3800,0
DA:3801,0
DA:3802,0
DA:3803,0
DA:3804,0
DA:3805,0
DA:3806,0
DA:3807,0
DA:3808,0
DA:3809,0
DA:3810,0
DA:3811,0
DA:3812,0
DA:3813,0
DA:3814,0
DA:3815,0
DA:3816,0
DA:3817,0
DA:3818,0
DA:3819,0
DA:3820,0
DA:3821,0
DA:3822,0
DA:3826,0
DA:3828,0
DA:3829,0
DA:3830,0
DA:3831,0
DA:3832,0
DA:3833,0
DA:3834,0
DA:3835,0
DA:3836,0
DA:3837,0
DA:3838,0
DA:3839,0
DA:3842,0
DA:3843,0
DA:3844,0
DA:3845,0
DA:3846,0
DA:3847,0
DA:3848,0
DA:3849,0
DA:3850,0
DA:3851,0
DA:3852,0
DA:3853,0
DA:3856,0
DA:3857,0
DA:3858,0
DA:3859,0
DA:3860,0
DA:3861,0
DA:3862,0
DA:3863,0
DA:3864,0
DA:3865,0
DA:3878,0
DA:3889,0
DA:3900,0
DA:3911,0
DA:3912,0
DA:3914,0
DA:3915,0
DA:3916,0
DA:3917,0
DA:3919,0
DA:3920,0
DA:3921,0
DA:3922,0
DA:3926,0
DA:3936,0
DA:3937,0
DA:3938,0
DA:3939,0
DA:3940,0
DA:3941,0
DA:3943,0
DA:3944,0
DA:3945,0
DA:3946,0
DA:3950,0
DA:3952,0
DA:3953,0
DA:3954,0
DA:3956,0
DA:3957,0
DA:3958,0
DA:3960,0
DA:3961,0
DA:3963,0
DA:3964,0
DA:3966,0
DA:3967,0
DA:3969,0
DA:3970,0
DA:3971,0
DA:3973,0
DA:3974,0
DA:3976,0
DA:3977,0
DA:3979,0
DA:3980,0
DA:3985,0
DA:3987,0
DA:3988,0
DA:3989,0
DA:3990,0
DA:3991,0
DA:3992,0
DA:3993,0
DA:3994,0
DA:3995,0
DA:3996,0
DA:3997,0
DA:3998,0
DA:4007,0
DA:4090,0
DA:4091,0
DA:4092,0
DA:4093,0
DA:4094,0
DA:4095,0
DA:4096,0
DA:4097,0
DA:4098,0
DA:4099,0
DA:4100,0
DA:4101,0
DA:4102,0
DA:4103,0
DA:4104,0
DA:4106,0
DA:4107,0
DA:4108,0
DA:4111,0
DA:4114,0
DA:4115,0
DA:4116,0
DA:4117,0
DA:4119,0
DA:4120,0
DA:4122,0
DA:4123,0
DA:4125,0
DA:4126,0
DA:4128,0
DA:4129,0
DA:4131,0
DA:4132,0
DA:4134,0
DA:4135,0
DA:4137,0
DA:4138,0
DA:4140,0
DA:4141,0
DA:4143,0
DA:4144,0
DA:4146,0
DA:4147,0
DA:4148,0
DA:4150,0
DA:4151,0
DA:4152,0
DA:4154,0
DA:4155,0
DA:4157,0
DA:4158,0
DA:4160,0
DA:4161,0
DA:4163,0
DA:4164,0
DA:4166,0
DA:4167,0
DA:4169,0
DA:4170,0
DA:4172,0
DA:4173,0
DA:4174,0
DA:4176,0
DA:4177,0
DA:4179,0
DA:4180,0
DA:4182,0
DA:4183,0
DA:4185,0
DA:4186,0
DA:4191,0
DA:4192,0
DA:4193,0
DA:4195,0
DA:4196,0
DA:4197,0
DA:4198,0
DA:4199,0
DA:4200,0
DA:4201,0
DA:4202,0
DA:4203,0
DA:4205,0
DA:4206,0
DA:4207,0
DA:4208,0
DA:4209,0
DA:4210,0
DA:4211,0
DA:4212,0
DA:4213,0
DA:4214,0
DA:4215,0
DA:4216,0
DA:4217,0
DA:4218,0
DA:4219,0
DA:4220,0
DA:4221,0
DA:4222,0
DA:4223,0
DA:4227,0
DA:4229,0
DA:4247,1
DA:4261,0
DA:4263,0
DA:4264,0
DA:4265,0
DA:4266,0
DA:4268,0
DA:4269,0
DA:4271,0
DA:4272,0
DA:4274,0
DA:4275,0
DA:4277,0
DA:4278,0
DA:4280,0
DA:4281,0
DA:4283,0
DA:4284,0
DA:4286,0
DA:4287,0
DA:4289,0
DA:4290,0
DA:4292,0
DA:4293,0
DA:4295,0
DA:4296,0
DA:4298,0
DA:4299,0
DA:4304,0
DA:4305,0
DA:4306,0
DA:4307,0
DA:4309,0
DA:4310,0
DA:4312,0
DA:4313,0
DA:4315,0
DA:4316,0
DA:4318,0
DA:4319,0
DA:4321,0
DA:4322,0
DA:4323,0
DA:4325,0
DA:4326,0
DA:4328,0
DA:4329,0
DA:4331,0
DA:4332,0
DA:4333,0
DA:4335,0
DA:4336,0
DA:4338,0
DA:4342,0
DA:4344,0
DA:4345,0
DA:4346,0
DA:4347,0
DA:4348,0
DA:4350,0
DA:4351,0
DA:4352,0
DA:4353,0
DA:4354,0
DA:4355,0
DA:4356,0
DA:4357,0
DA:4358,0
DA:4359,0
DA:4362,0
DA:4364,0
DA:4365,0
DA:4366,0
DA:4367,0
DA:4368,0
DA:4370,0
DA:4371,0
DA:4372,0
DA:4373,0
DA:4374,0
DA:4375,0
DA:4376,0
DA:4377,0
DA:4378,0
DA:4379,0
DA:4383,0
DA:4397,0
DA:4398,0
DA:4400,0
DA:4402,0
DA:4403,0
DA:4404,0
DA:4405,0
DA:4407,0
DA:4408,0
DA:4409,0
DA:4411,0
DA:4413,0
DA:4414,0
DA:4415,0
DA:4416,0
DA:4417,0
DA:4419,0
DA:4420,0
DA:4421,0
DA:4422,0
DA:4423,0
DA:4424,0
DA:4425,0
DA:4426,0
DA:4427,0
DA:4428,0
DA:4429,0
DA:4430,0
DA:4431,0
DA:4432,0
DA:4433,0
DA:4434,0
DA:4435,0
DA:4436,0
DA:4437,0
DA:4438,0
DA:4439,0
DA:4440,0
DA:4441,0
DA:4442,0
DA:4443,0
DA:4445,0
DA:4446,0
DA:4448,0
DA:4450,0
DA:4454,0
DA:4456,0
DA:4457,0
DA:4458,0
DA:4459,0
DA:4460,0
DA:4461,0
DA:4462,0
DA:4463,0
DA:4464,0
DA:4465,0
DA:4466,0
DA:4467,0
DA:4468,0
DA:4469,0
DA:4470,0
DA:4471,0
DA:4474,0
DA:4475,0
DA:4476,0
DA:4477,0
DA:4478,0
DA:4479,0
DA:4480,0
DA:4481,0
DA:4482,0
DA:4483,0
DA:4484,0
DA:4485,0
DA:4486,0
DA:4487,0
DA:4488,0
DA:4489,0
DA:4492,0
DA:4493,0
DA:4494,0
DA:4495,0
DA:4496,0
DA:4497,0
DA:4498,0
DA:4499,0
DA:4500,0
DA:4501,0
DA:4502,0
DA:4503,0
DA:4504,0
DA:4505,0
DA:4522,0
DA:4537,0
DA:4552,0
DA:4567,0
DA:4568,0
DA:4569,0
DA:4570,0
DA:4572,0
DA:4573,0
DA:4574,0
DA:4575,0
DA:4576,0
DA:4577,0
DA:4578,0
DA:4579,0
DA:4580,0
DA:4581,0
DA:4585,0
DA:4599,0
DA:4600,0
DA:4601,0
DA:4602,0
DA:4604,0
DA:4605,0
DA:4606,0
DA:4607,0
DA:4608,0
DA:4609,0
DA:4610,0
DA:4611,0
DA:4612,0
DA:4613,0
DA:4617,0
DA:4619,0
DA:4620,0
DA:4621,0
DA:4623,0
DA:4624,0
DA:4626,0
DA:4627,0
DA:4629,0
DA:4630,0
DA:4631,0
DA:4633,0
DA:4634,0
DA:4636,0
DA:4637,0
DA:4639,0
DA:4640,0
DA:4642,0
DA:4643,0
DA:4645,0
DA:4646,0
DA:4648,0
DA:4649,0
DA:4651,0
DA:4652,0
DA:4654,0
DA:4655,0
DA:4657,0
DA:4658,0
DA:4663,0
DA:4665,0
DA:4666,0
DA:4667,0
DA:4668,0
DA:4669,0
DA:4670,0
DA:4671,0
DA:4672,0
DA:4673,0
DA:4674,0
DA:4675,0
DA:4676,0
DA:4677,0
DA:4678,0
DA:4679,0
DA:4680,0
DA:4689,0
DA:4707,0
DA:4708,0
DA:4709,0
DA:4710,0
DA:4711,0
DA:4714,0
DA:4717,0
DA:4718,0
DA:4719,0
DA:4720,0
DA:4722,0
DA:4723,0
DA:4725,0
DA:4726,0
DA:4728,0
DA:4729,0
DA:4731,0
DA:4732,0
DA:4733,0
DA:4738,0
DA:4739,0
DA:4740,0
DA:4742,0
DA:4743,0
DA:4744,0
DA:4745,0
DA:4746,0
DA:4747,0
DA:4748,0
DA:4749,0
DA:4753,0
DA:4755,0
DA:4763,0
DA:4765,0
DA:4767,0
DA:4768,0
DA:4769,0
DA:4770,0
DA:4772,0
DA:4773,0
DA:4778,0
DA:4779,0
DA:4780,0
DA:4781,0
DA:4783,0
DA:4784,0
DA:4788,0
DA:4790,0
DA:4791,0
DA:4792,0
DA:4793,0
DA:4794,0
DA:4797,0
DA:4799,0
DA:4800,0
DA:4801,0
DA:4802,0
DA:4803,0
DA:4807,0
DA:4811,0
DA:4812,0
DA:4814,0
DA:4815,0
DA:4817,0
DA:4818,0
DA:4820,0
DA:4821,0
DA:4822,0
DA:4823,0
DA:4824,0
DA:4828,0
DA:4830,0
DA:4831,0
DA:4832,0
DA:4833,0
DA:4834,0
DA:4835,0
DA:4838,0
DA:4839,0
DA:4840,0
DA:4843,0
DA:4844,0
DA:4845,0
DA:4846,0
DA:4853,0
DA:4858,0
DA:4863,0
DA:4868,0
DA:4869,0
DA:4870,0
DA:4871,0
DA:4875,0
DA:4879,0
DA:4880,0
DA:4881,0
DA:4882,0
DA:4886,0
DA:4888,0
DA:4889,0
DA:4890,0
DA:4892,0
DA:4893,0
DA:4895,0
DA:4896,0
DA:4901,0
DA:4903,0
DA:4904,0
DA:4905,0
DA:4906,0
DA:4907,0
DA:4908,0
DA:4917,0
DA:4933,0
DA:4934,0
DA:4935,0
DA:4936,0
DA:4937,0
DA:4940,0
DA:4943,0
DA:4944,0
DA:4945,0
DA:4946,0
DA:4948,0
DA:4949,0
DA:4951,0
DA:4952,0
DA:4953,0
DA:4958,0
DA:4959,0
DA:4960,0
DA:4962,0
DA:4963,0
DA:4964,0
DA:4965,0
DA:4966,0
DA:4967,0
DA:4971,0
DA:4973,0
DA:4981,2
DA:4982,0
DA:4984,0
DA:4985,0
DA:4986,0
DA:4987,0
DA:4992,0
DA:4993,0
DA:4994,0
DA:4995,0
DA:4999,0
DA:5001,0
DA:5002,0
DA:5003,0
DA:5004,0
DA:5007,0
DA:5009,0
DA:5010,0
DA:5011,0
DA:5012,0
DA:5016,0
DA:5018,0
DA:5019,0
DA:5020,0
DA:5022,0
DA:5023,0
DA:5025,0
DA:5026,0
DA:5030,0
DA:5032,0
DA:5033,0
DA:5034,0
DA:5035,0
DA:5036,0
DA:5039,0
DA:5040,0
DA:5041,0
DA:5044,0
DA:5045,0
DA:5046,0
DA:5052,2
DA:5056,0
DA:5060,0
DA:5064,0
DA:5065,0
DA:5066,0
DA:5070,0
DA:5072,0
DA:5073,0
DA:5074,0
DA:5078,0
DA:5080,0
DA:5081,0
DA:5082,0
DA:5084,0
DA:5085,0
DA:5090,0
DA:5092,0
DA:5093,0
DA:5094,0
DA:5095,0
DA:5096,0
DA:5105,0
DA:5153,0
DA:5154,0
DA:5155,0
DA:5156,0
DA:5157,0
DA:5158,0
DA:5159,0
DA:5160,0
DA:5161,0
DA:5163,0
DA:5164,0
DA:5165,0
DA:5168,0
DA:5171,0
DA:5172,0
DA:5173,0
DA:5174,0
DA:5176,0
DA:5177,0
DA:5179,0
DA:5180,0
DA:5182,0
DA:5183,0
DA:5185,0
DA:5186,0
DA:5188,0
DA:5189,0
DA:5191,0
DA:5192,0
DA:5193,0
DA:5195,0
DA:5196,0
DA:5197,0
DA:5199,0
DA:5200,0
DA:5202,0
DA:5203,0
DA:5205,0
DA:5206,0
DA:5208,0
DA:5209,0
DA:5214,0
DA:5215,0
DA:5216,0
DA:5218,0
DA:5219,0
DA:5220,0
DA:5221,0
DA:5222,0
DA:5223,0
DA:5224,0
DA:5225,0
DA:5226,0
DA:5227,0
DA:5228,0
DA:5229,0
DA:5230,0
DA:5231,0
DA:5232,0
DA:5233,0
DA:5237,0
DA:5239,0
DA:5251,0
DA:5259,0
DA:5261,0
DA:5262,0
DA:5263,0
DA:5264,0
DA:5266,0
DA:5267,0
DA:5269,0
DA:5270,0
DA:5272,0
DA:5273,0
DA:5275,0
DA:5276,0
DA:5278,0
DA:5279,0
DA:5284,0
DA:5285,0
DA:5286,0
DA:5287,0
DA:5289,0
DA:5290,0
DA:5292,0
DA:5294,0
DA:5295,0
DA:5297,0
DA:5298,0
DA:5300,0
DA:5301,0
DA:5303,0
DA:5307,0
DA:5309,0
DA:5310,0
DA:5311,0
DA:5312,0
DA:5313,0
DA:5314,0
DA:5315,0
DA:5316,0
DA:5318,0
DA:5321,0
DA:5323,0
DA:5324,0
DA:5325,0
DA:5326,0
DA:5327,0
DA:5328,0
DA:5329,0
DA:5330,0
DA:5331,0
DA:5335,0
DA:5343,0
DA:5344,0
DA:5345,0
DA:5346,0
DA:5347,0
DA:5348,0
DA:5349,0
DA:5350,0
DA:5351,0
DA:5352,0
DA:5353,0
DA:5354,0
DA:5356,0
DA:5357,0
DA:5358,0
DA:5359,0
DA:5360,0
DA:5362,0
DA:5364,0
DA:5365,0
DA:5366,0
DA:5367,0
DA:5368,0
DA:5369,0
DA:5370,0
DA:5371,0
DA:5372,0
DA:5376,0
DA:5378,0
DA:5379,0
DA:5380,0
DA:5381,0
DA:5382,0
DA:5383,0
DA:5384,0
DA:5385,0
DA:5386,0
DA:5387,0
DA:5390,0
DA:5391,0
DA:5392,0
DA:5393,0
DA:5396,0
DA:5397,0
DA:5398,0
DA:5399,0
DA:5400,0
DA:5401,0
DA:5402,0
DA:5403,0
DA:5414,0
DA:5423,0
DA:5432,0
DA:5441,0
DA:5442,0
DA:5443,0
DA:5444,0
DA:5445,0
DA:5446,0
DA:5447,0
DA:5449,0
DA:5453,0
DA:5461,0
DA:5462,0
DA:5463,0
DA:5464,0
DA:5465,0
DA:5466,0
DA:5467,0
DA:5468,0
DA:5472,0
DA:5474,0
DA:5475,0
DA:5476,0
DA:5478,0
DA:5479,0
DA:5481,0
DA:5482,0
DA:5484,0
DA:5485,0
DA:5487,0
DA:5488,0
DA:5490,0
DA:5491,0
DA:5493,0
DA:5494,0
DA:5499,0
DA:5501,0
DA:5502,0
DA:5503,0
DA:5504,0
DA:5505,0
DA:5506,0
DA:5507,0
DA:5508,0
DA:5509,0
DA:5510,0
DA:5519,0
DA:5531,0
DA:5532,0
DA:5533,0
DA:5534,0
DA:5535,0
DA:5538,0
DA:5542,0
DA:5543,0
DA:5544,0
DA:5545,0
DA:5547,0
DA:5548,0
DA:5550,0
DA:5551,0
DA:5552,0
DA:5557,0
DA:5558,0
DA:5559,0
DA:5561,0
DA:5562,0
DA:5563,0
DA:5564,0
DA:5565,0
DA:5566,0
DA:5570,0
DA:5572,0
DA:5580,0
DA:5581,0
DA:5583,0
DA:5584,0
DA:5585,0
DA:5586,0
DA:5591,0
DA:5592,0
DA:5593,0
DA:5594,0
DA:5598,0
DA:5600,0
DA:5601,0
DA:5602,0
DA:5603,0
DA:5606,0
DA:5608,0
DA:5609,0
DA:5610,0
DA:5611,0
DA:5615,0
DA:5617,0
DA:5618,0
DA:5619,0
DA:5621,0
DA:5623,0
DA:5624,0
DA:5625,0
DA:5626,0
DA:5627,0
DA:5631,0
DA:5633,0
DA:5634,0
DA:5635,0
DA:5636,0
DA:5637,0
DA:5640,0
DA:5641,0
DA:5642,0
DA:5645,0
DA:5646,0
DA:5647,0
DA:5654,0
DA:5658,0
DA:5662,0
DA:5666,0
DA:5667,0
DA:5668,0
DA:5672,0
DA:5674,0
DA:5675,0
DA:5676,0
DA:5680,0
DA:5682,0
DA:5683,0
DA:5684,0
DA:5686,0
DA:5687,0
DA:5692,0
DA:5694,0
DA:5695,0
DA:5696,0
DA:5697,0
DA:5698,0
DA:5707,0
DA:5738,0
DA:5740,0
DA:5741,0
DA:5742,0
DA:5743,0
DA:5746,0
DA:5749,0
DA:5750,0
DA:5751,0
DA:5752,0
DA:5754,0
DA:5755,0
DA:5757,0
DA:5758,0
DA:5760,0
DA:5761,0
DA:5763,0
DA:5764,0
DA:5766,0
DA:5767,0
DA:5769,0
DA:5770,0
DA:5771,0
DA:5776,0
DA:5777,0
DA:5778,0
DA:5780,0
DA:5781,0
DA:5782,0
DA:5783,0
DA:5784,0
DA:5785,0
DA:5786,0
DA:5788,0
DA:5789,0
DA:5790,0
DA:5794,0
DA:5796,0
DA:5806,0
DA:5811,0
DA:5813,0
DA:5814,0
DA:5815,0
DA:5816,0
DA:5818,0
DA:5819,0
DA:5820,0
DA:5825,0
DA:5826,0
DA:5827,0
DA:5828,0
DA:5830,0
DA:5831,0
DA:5832,0
DA:5836,0
DA:5838,0
DA:5839,0
DA:5841,0
DA:5842,0
DA:5844,0
DA:5845,0
DA:5848,0
DA:5850,0
DA:5851,0
DA:5852,0
DA:5853,0
DA:5854,0
DA:5855,0
DA:5859,0
DA:5864,0
DA:5865,0
DA:5867,0
DA:5869,0
DA:5870,0
DA:5872,0
DA:5873,0
DA:5874,0
DA:5875,0
DA:5876,0
DA:5877,0
DA:5878,0
DA:5879,0
DA:5880,0
DA:5881,0
DA:5882,0
DA:5883,0
DA:5887,0
DA:5889,0
DA:5890,0
DA:5891,0
DA:5892,0
DA:5893,0
DA:5894,0
DA:5895,0
DA:5898,0
DA:5899,0
DA:5900,0
DA:5901,0
DA:5904,0
DA:5905,0
DA:5906,0
DA:5907,0
DA:5908,0
DA:5916,0
DA:5922,0
DA:5928,0
DA:5934,0
DA:5936,0
DA:5937,0
DA:5939,0
DA:5940,0
DA:5944,0
DA:5949,0
DA:5950,0
DA:5951,0
DA:5953,0
DA:5954,0
DA:5958,0
DA:5960,0
DA:5961,0
DA:5962,0
DA:5964,0
DA:5965,0
DA:5967,0
DA:5968,0
DA:5969,0
DA:5971,0
DA:5972,0
DA:5977,0
DA:5979,0
DA:5980,0
DA:5981,0
DA:5982,0
DA:5983,0
DA:5984,0
DA:5985,0
DA:5994,0
DA:6035,0
DA:6036,0
DA:6037,0
DA:6038,0
DA:6039,0
DA:6040,0
DA:6041,0
DA:6042,0
DA:6044,0
DA:6045,0
DA:6046,0
DA:6049,0
DA:6052,0
DA:6053,0
DA:6054,0
DA:6055,0
DA:6057,0
DA:6058,0
DA:6060,0
DA:6061,0
DA:6062,0
DA:6064,0
DA:6065,0
DA:6067,0
DA:6068,0
DA:6070,0
DA:6071,0
DA:6073,0
DA:6074,0
DA:6076,0
DA:6077,0
DA:6078,0
DA:6080,0
DA:6081,0
DA:6083,0
DA:6084,0
DA:6089,0
DA:6090,0
DA:6091,0
DA:6093,0
DA:6094,0
DA:6095,0
DA:6096,0
DA:6097,0
DA:6098,0
DA:6099,0
DA:6100,0
DA:6101,0
DA:6102,0
DA:6103,0
DA:6104,0
DA:6105,0
DA:6106,0
DA:6110,0
DA:6112,0
DA:6124,0
DA:6131,0
DA:6133,0
DA:6134,0
DA:6135,0
DA:6136,0
DA:6138,0
DA:6139,0
DA:6141,0
DA:6142,0
DA:6144,0
DA:6145,0
DA:6147,0
DA:6148,0
DA:6153,0
DA:6154,0
DA:6155,0
DA:6156,0
DA:6158,0
DA:6159,0
DA:6161,0
DA:6162,0
DA:6164,0
DA:6165,0
DA:6167,0
DA:6168,0
DA:6170,0
DA:6174,0
DA:6176,0
DA:6177,0
DA:6178,0
DA:6179,0
DA:6180,0
DA:6181,0
DA:6182,0
DA:6183,0
DA:6186,0
DA:6188,0
DA:6189,0
DA:6190,0
DA:6191,0
DA:6192,0
DA:6193,0
DA:6194,0
DA:6195,0
DA:6199,0
DA:6206,0
DA:6207,0
DA:6208,0
DA:6209,0
DA:6211,0
DA:6212,0
DA:6214,0
DA:6216,0
DA:6217,0
DA:6218,0
DA:6219,0
DA:6220,0
DA:6221,0
DA:6223,0
DA:6224,0
DA:6225,0
DA:6226,0
DA:6227,0
DA:6228,0
DA:6229,0
DA:6230,0
DA:6234,0
DA:6236,0
DA:6237,0
DA:6238,0
DA:6239,0
DA:6240,0
DA:6241,0
DA:6242,0
DA:6243,0
DA:6244,0
DA:6247,0
DA:6248,0
DA:6249,0
DA:6250,0
DA:6253,0
DA:6254,0
DA:6255,0
DA:6256,0
DA:6257,0
DA:6258,0
DA:6259,0
DA:6269,0
DA:6277,0
DA:6285,0
DA:6293,0
DA:6294,0
DA:6295,0
DA:6296,0
DA:6297,0
DA:6298,0
DA:6299,0
DA:6303,0
DA:6310,0
DA:6311,0
DA:6312,0
DA:6313,0
DA:6314,0
DA:6315,0
DA:6316,0
DA:6320,0
DA:6322,0
DA:6323,0
DA:6324,0
DA:6326,0
DA:6327,0
DA:6329,0
DA:6330,0
DA:6332,0
DA:6333,0
DA:6335,0
DA:6336,0
DA:6338,0
DA:6339,0
DA:6344,0
DA:6346,0
DA:6347,0
DA:6348,0
DA:6349,0
DA:6350,0
DA:6351,0
DA:6352,0
DA:6353,0
DA:6354,0
DA:6363,0
DA:6473,0
DA:6474,0
DA:6475,0
DA:6476,0
DA:6477,0
DA:6478,0
DA:6479,0
DA:6480,0
DA:6481,0
DA:6482,0
DA:6483,0
DA:6484,0
DA:6485,0
DA:6486,0
DA:6487,0
DA:6488,0
DA:6489,0
DA:6490,0
DA:6491,0
DA:6492,0
DA:6494,0
DA:6495,0
DA:6496,0
DA:6499,0
DA:6503,0
DA:6504,0
DA:6505,0
DA:6506,0
DA:6507,0
DA:6509,0
DA:6510,0
DA:6512,0
DA:6513,0
DA:6515,0
DA:6516,0
DA:6518,0
DA:6519,0
DA:6521,0
DA:6522,0
DA:6524,0
DA:6525,0
DA:6527,0
DA:6528,0
DA:6529,0
DA:6531,0
DA:6532,0
DA:6534,0
DA:6535,0
DA:6537,0
DA:6538,0
DA:6539,0
DA:6541,0
DA:6542,0
DA:6544,0
DA:6545,0
DA:6547,0
DA:6548,0
DA:6549,0
DA:6551,0
DA:6552,0
DA:6554,0
DA:6555,0
DA:6557,0
DA:6558,0
DA:6559,0
DA:6561,0
DA:6562,0
DA:6564,0
DA:6565,0
DA:6567,0
DA:6568,0
DA:6569,0
DA:6571,0
DA:6572,0
DA:6574,0
DA:6575,0
DA:6577,0
DA:6578,0
DA:6579,0
DA:6581,0
DA:6582,0
DA:6583,0
DA:6585,0
DA:6586,0
DA:6588,0
DA:6589,0
DA:6591,0
DA:6592,0
DA:6594,0
DA:6595,0
DA:6600,0
DA:6601,0
DA:6602,0
DA:6604,0
DA:6605,0
DA:6606,0
DA:6607,0
DA:6608,0
DA:6609,0
DA:6610,0
DA:6611,0
DA:6612,0
DA:6613,0
DA:6614,0
DA:6615,0
DA:6616,0
DA:6617,0
DA:6618,0
DA:6619,0
DA:6620,0
DA:6621,0
DA:6622,0
DA:6623,0
DA:6624,0
DA:6625,0
DA:6626,0
DA:6627,0
DA:6628,0
DA:6629,0
DA:6630,0
DA:6631,0
DA:6632,0
DA:6633,0
DA:6634,0
DA:6635,0
DA:6636,0
DA:6637,0
DA:6638,0
DA:6639,0
DA:6640,0
DA:6641,0
DA:6645,0
DA:6647,0
DA:6671,0
DA:6690,0
DA:6692,0
DA:6693,0
DA:6694,0
DA:6695,0
DA:6697,0
DA:6698,0
DA:6700,0
DA:6701,0
DA:6703,0
DA:6704,0
DA:6706,0
DA:6707,0
DA:6709,0
DA:6710,0
DA:6712,0
DA:6713,0
DA:6715,0
DA:6716,0
DA:6718,0
DA:6719,0
DA:6721,0
DA:6722,0
DA:6724,0
DA:6725,0
DA:6727,0
DA:6728,0
DA:6730,0
DA:6731,0
DA:6733,0
DA:6734,0
DA:6736,0
DA:6737,0
DA:6739,0
DA:6740,0
DA:6742,0
DA:6743,0
DA:6748,0
DA:6749,0
DA:6750,0
DA:6751,0
DA:6753,0
DA:6754,0
DA:6756,0
DA:6757,0
DA:6759,0
DA:6760,0
DA:6762,0
DA:6763,0
DA:6765,0
DA:6766,0
DA:6768,0
DA:6769,0
DA:6771,0
DA:6772,0
DA:6774,0
DA:6775,0
DA:6777,0
DA:6778,0
DA:6780,0
DA:6781,0
DA:6783,0
DA:6784,0
DA:6786,0
DA:6787,0
DA:6789,0
DA:6791,0
DA:6793,0
DA:6794,0
DA:6796,0
DA:6797,0
DA:6799,0
DA:6803,0
DA:6805,0
DA:6806,0
DA:6807,0
DA:6808,0
DA:6809,0
DA:6811,0
DA:6812,0
DA:6813,0
DA:6814,0
DA:6815,0
DA:6816,0
DA:6817,0
DA:6818,0
DA:6819,0
DA:6820,0
DA:6821,0
DA:6822,0
DA:6823,0
DA:6824,0
DA:6825,0
DA:6828,0
DA:6830,0
DA:6831,0
DA:6832,0
DA:6833,0
DA:6834,0
DA:6835,0
DA:6836,0
DA:6837,0
DA:6838,0
DA:6839,0
DA:6840,0
DA:6841,0
DA:6842,0
DA:6843,0
DA:6844,0
DA:6845,0
DA:6846,0
DA:6847,0
DA:6848,0
DA:6849,0
DA:6853,0
DA:6872,0
DA:6873,0
DA:6874,0
DA:6876,0
DA:6877,0
DA:6878,0
DA:6879,0
DA:6880,0
DA:6882,0
DA:6883,0
DA:6885,0
DA:6886,0
DA:6888,0
DA:6889,0
DA:6891,0
DA:6892,0
DA:6894,0
DA:6895,0
DA:6896,0
DA:6898,0
DA:6900,0
DA:6902,0
DA:6904,0
DA:6905,0
DA:6907,0
DA:6908,0
DA:6909,0
DA:6910,0
DA:6911,0
DA:6912,0
DA:6913,0
DA:6914,0
DA:6915,0
DA:6916,0
DA:6917,0
DA:6918,0
DA:6919,0
DA:6920,0
DA:6921,0
DA:6922,0
DA:6923,0
DA:6924,0
DA:6925,0
DA:6926,0
DA:6927,0
DA:6928,0
DA:6929,0
DA:6930,0
DA:6931,0
DA:6932,0
DA:6933,0
DA:6934,0
DA:6935,0
DA:6936,0
DA:6937,0
DA:6938,0
DA:6939,0
DA:6940,0
DA:6941,0
DA:6945,0
DA:6947,0
DA:6948,0
DA:6949,0
DA:6950,0
DA:6951,0
DA:6952,0
DA:6953,0
DA:6954,0
DA:6955,0
DA:6956,0
DA:6957,0
DA:6958,0
DA:6959,0
DA:6960,0
DA:6961,0
DA:6962,0
DA:6963,0
DA:6964,0
DA:6965,0
DA:6966,0
DA:6967,0
DA:6970,0
DA:6971,0
DA:6972,0
DA:6973,0
DA:6974,0
DA:6975,0
DA:6976,0
DA:6977,0
DA:6978,0
DA:6979,0
DA:6980,0
DA:6981,0
DA:6982,0
DA:6983,0
DA:6984,0
DA:6985,0
DA:6986,0
DA:6987,0
DA:6988,0
DA:6989,0
DA:6990,0
DA:6993,0
DA:6994,0
DA:6995,0
DA:6996,0
DA:6997,0
DA:6998,0
DA:6999,0
DA:7000,0
DA:7001,0
DA:7002,0
DA:7003,0
DA:7004,0
DA:7005,0
DA:7006,0
DA:7007,0
DA:7008,0
DA:7009,0
DA:7010,0
DA:7011,0
DA:7034,0
DA:7054,1
DA:7074,0
DA:7094,0
DA:7095,0
DA:7096,0
DA:7097,0
DA:7098,0
DA:7099,0
DA:7100,0
DA:7101,0
DA:7102,0
DA:7103,0
DA:7104,0
DA:7105,0
DA:7106,0
DA:7107,0
DA:7108,0
DA:7109,0
DA:7110,0
DA:7111,0
DA:7112,0
DA:7116,0
DA:7135,0
DA:7136,0
DA:7137,0
DA:7138,0
DA:7139,0
DA:7140,0
DA:7141,0
DA:7142,0
DA:7143,0
DA:7144,0
DA:7145,0
DA:7146,0
DA:7147,0
DA:7148,0
DA:7149,0
DA:7150,0
DA:7151,0
DA:7152,0
DA:7153,0
DA:7157,0
DA:7159,0
DA:7160,0
DA:7161,0
DA:7163,0
DA:7164,0
DA:7166,0
DA:7167,0
DA:7169,0
DA:7170,0
DA:7172,0
DA:7173,0
DA:7175,0
DA:7176,0
DA:7178,0
DA:7179,0
DA:7181,0
DA:7182,0
DA:7184,0
DA:7185,0
DA:7187,0
DA:7188,0
DA:7190,0
DA:7191,0
DA:7193,0
DA:7194,0
DA:7196,0
DA:7197,0
DA:7199,0
DA:7200,0
DA:7202,0
DA:7203,0
DA:7205,0
DA:7206,0
DA:7208,0
DA:7209,0
DA:7211,0
DA:7212,0
DA:7217,0
DA:7219,0
DA:7220,0
DA:7221,0
DA:7222,0
DA:7223,0
DA:7224,0
DA:7225,0
DA:7226,0
DA:7227,0
DA:7228,0
DA:7229,0
DA:7230,0
DA:7231,0
DA:7232,0
DA:7233,0
DA:7234,0
DA:7235,0
DA:7236,0
DA:7237,0
DA:7238,0
DA:7239,0
DA:7248,0
DA:7260,0
DA:7261,0
DA:7262,0
DA:7263,0
DA:7264,0
DA:7267,0
DA:7270,0
DA:7271,0
DA:7272,0
DA:7273,0
DA:7275,0
DA:7276,0
DA:7278,0
DA:7279,0
DA:7280,0
DA:7285,0
DA:7286,0
DA:7287,0
DA:7289,0
DA:7290,0
DA:7291,0
DA:7293,0
DA:7294,0
DA:7295,0
DA:7299,0
DA:7301,0
DA:7308,0
DA:7309,0
DA:7311,0
DA:7312,0
DA:7313,0
DA:7314,0
DA:7319,0
DA:7320,0
DA:7321,0
DA:7323,0
DA:7327,0
DA:7329,0
DA:7330,0
DA:7332,0
DA:7333,0
DA:7336,0
DA:7338,0
DA:7339,0
DA:7340,0
DA:7341,0
DA:7345,0
DA:7348,0
DA:7350,0
DA:7351,0
DA:7353,0
DA:7354,0
DA:7355,0
DA:7356,0
DA:7357,0
DA:7358,0
DA:7362,0
DA:7364,0
DA:7365,0
DA:7366,0
DA:7367,0
DA:7368,0
DA:7371,0
DA:7372,0
DA:7373,0
DA:7376,0
DA:7377,0
DA:7378,0
DA:7384,0
DA:7388,0
DA:7392,0
DA:7396,0
DA:7398,0
DA:7399,0
DA:7403,0
DA:7405,0
DA:7407,0
DA:7408,0
DA:7412,0
DA:7414,0
DA:7415,0
DA:7416,0
DA:7417,0
DA:7419,0
DA:7420,0
DA:7425,0
DA:7427,0
DA:7428,0
DA:7429,0
DA:7430,0
DA:7431,0
DA:7439,0
DA:7464,0
DA:7466,0
DA:7467,0
DA:7468,0
DA:7469,0
DA:7472,0
DA:7475,0
DA:7476,0
DA:7477,0
DA:7478,0
DA:7479,0
DA:7481,0
DA:7482,0
DA:7484,0
DA:7485,0
DA:7487,0
DA:7489,0
DA:7490,0
DA:7492,0
DA:7493,0
DA:7498,0
DA:7499,0
DA:7500,0
DA:7502,0
DA:7503,0
DA:7504,0
DA:7505,0
DA:7506,0
DA:7507,0
DA:7508,0
DA:7509,0
DA:7513,0
DA:7515,0
DA:7523,0
DA:7527,0
DA:7529,0
DA:7530,0
DA:7531,0
DA:7532,0
DA:7533,0
DA:7538,0
DA:7539,0
DA:7540,0
DA:7541,0
DA:7542,0
DA:7544,0
DA:7548,0
DA:7550,0
DA:7551,0
DA:7552,0
DA:7553,0
DA:7555,0
DA:7558,0
DA:7560,0
DA:7561,0
DA:7562,0
DA:7563,0
DA:7564,0
DA:7568,0
DA:7572,0
DA:7573,0
DA:7574,0
DA:7575,0
DA:7576,0
DA:7577,0
DA:7579,0
DA:7580,0
DA:7581,0
DA:7583,0
DA:7584,0
DA:7585,0
DA:7586,0
DA:7590,0
DA:7592,0
DA:7593,0
DA:7594,0
DA:7595,0
DA:7596,0
DA:7597,0
DA:7600,0
DA:7601,0
DA:7602,0
DA:7605,0
DA:7606,0
DA:7607,0
DA:7608,0
DA:7615,0
DA:7620,0
DA:7624,0
DA:7625,0
DA:7630,0
DA:7631,0
DA:7632,0
DA:7633,0
DA:7637,0
DA:7641,0
DA:7642,0
DA:7643,0
DA:7644,0
DA:7648,0
DA:7650,0
DA:7651,0
DA:7652,0
DA:7654,0
DA:7655,0
DA:7657,0
DA:7658,0
DA:7663,0
DA:7665,0
DA:7666,0
DA:7667,0
DA:7668,0
DA:7669,0
DA:7670,0
DA:7678,0
DA:7701,0
DA:7703,0
DA:7704,0
DA:7705,0
DA:7706,0
DA:7709,0
DA:7712,0
DA:7713,0
DA:7714,0
DA:7715,0
DA:7716,0
DA:7718,0
DA:7719,0
DA:7721,0
DA:7722,0
DA:7724,0
DA:7725,0
DA:7727,0
DA:7728,0
DA:7733,0
DA:7734,0
DA:7735,0
DA:7737,0
DA:7738,0
DA:7739,0
DA:7740,0
DA:7741,0
DA:7742,0
DA:7743,0
DA:7744,0
DA:7748,0
DA:7750,0
DA:7758,0
DA:7760,0
DA:7762,0
DA:7763,0
DA:7764,0
DA:7765,0
DA:7767,0
DA:7768,0
DA:7773,0
DA:7774,0
DA:7775,0
DA:7776,0
DA:7778,0
DA:7779,0
DA:7781,0
DA:7785,0
DA:7787,0
DA:7788,0
DA:7789,0
DA:7790,0
DA:7792,0
DA:7795,0
DA:7797,0
DA:7798,0
DA:7799,0
DA:7800,0
DA:7801,0
DA:7805,0
DA:7809,0
DA:7810,0
DA:7811,0
DA:7812,0
DA:7813,0
DA:7814,0
DA:7816,0
DA:7817,0
DA:7818,0
DA:7820,0
DA:7821,0
DA:7822,0
DA:7823,0
DA:7827,0
DA:7829,0
DA:7830,0
DA:7831,0
DA:7832,0
DA:7833,0
DA:7834,0
DA:7837,0
DA:7838,0
DA:7839,0
DA:7842,0
DA:7843,0
DA:7844,0
DA:7845,0
DA:7852,0
DA:7857,0
DA:7862,0
DA:7867,0
DA:7868,0
DA:7869,0
DA:7870,0
DA:7874,0
DA:7878,0
DA:7879,0
DA:7880,0
DA:7881,0
DA:7885,0
DA:7887,0
DA:7888,0
DA:7889,0
DA:7891,0
DA:7892,0
DA:7894,0
DA:7895,0
DA:7900,0
DA:7902,0
DA:7903,0
DA:7904,0
DA:7905,0
DA:7906,0
DA:7907,0
DA:7916,0
DA:7960,0
DA:7962,0
DA:7963,0
DA:7964,0
DA:7965,0
DA:7968,0
DA:7972,0
DA:7973,0
DA:7974,0
DA:7975,0
DA:7976,0
DA:7978,0
DA:7980,0
DA:7981,0
DA:7982,0
DA:7984,0
DA:7986,0
DA:7987,0
DA:7988,0
DA:7990,0
DA:7992,0
DA:7993,0
DA:7994,0
DA:7996,0
DA:7997,0
DA:7999,0
DA:8000,0
DA:8002,0
DA:8003,0
DA:8005,0
DA:8006,0
DA:8011,0
DA:8012,0
DA:8013,0
DA:8015,0
DA:8016,0
DA:8017,0
DA:8018,0
DA:8019,0
DA:8020,0
DA:8021,0
DA:8022,0
DA:8023,0
DA:8024,0
DA:8025,0
DA:8026,0
DA:8027,0
DA:8028,0
DA:8032,0
DA:8034,0
DA:8046,0
DA:8053,0
DA:8055,0
DA:8056,0
DA:8057,0
DA:8058,0
DA:8059,0
DA:8060,0
DA:8062,0
DA:8063,0
DA:8067,0
DA:8068,0
DA:8069,0
DA:8070,0
DA:8071,0
DA:8073,0
DA:8074,0
DA:8075,0
DA:8079,0
DA:8081,0
DA:8082,0
DA:8083,0
DA:8084,0
DA:8085,0
DA:8086,0
DA:8087,0
DA:8088,0
DA:8091,0
DA:8093,0
DA:8094,0
DA:8095,0
DA:8096,0
DA:8097,0
DA:8098,0
DA:8099,0
DA:8100,0
DA:8104,0
DA:8111,0
DA:8112,0
DA:8113,0
DA:8114,0
DA:8115,0
DA:8116,0
DA:8117,0
DA:8119,0
DA:8120,0
DA:8121,0
DA:8122,0
DA:8123,0
DA:8124,0
DA:8126,0
DA:8127,0
DA:8128,0
DA:8129,0
DA:8133,0
DA:8135,0
DA:8136,0
DA:8137,0
DA:8138,0
DA:8139,0
DA:8140,0
DA:8141,0
DA:8142,0
DA:8143,0
DA:8146,0
DA:8147,0
DA:8148,0
DA:8149,0
DA:8152,0
DA:8153,0
DA:8154,0
DA:8155,0
DA:8156,0
DA:8157,0
DA:8158,0
DA:8170,0
DA:8179,0
DA:8187,0
DA:8188,0
DA:8189,0
DA:8190,0
DA:8199,0
DA:8200,0
DA:8201,0
DA:8202,0
DA:8203,0
DA:8204,0
DA:8205,0
DA:8206,0
DA:8210,0
DA:8218,0
DA:8219,0
DA:8220,0
DA:8221,0
DA:8222,0
DA:8223,0
DA:8224,0
DA:8225,0
DA:8229,0
DA:8231,0
DA:8232,0
DA:8233,0
DA:8235,0
DA:8236,0
DA:8238,0
DA:8239,0
DA:8241,0
DA:8242,0
DA:8244,0
DA:8245,0
DA:8247,0
DA:8248,0
DA:8250,0
DA:8251,0
DA:8256,0
DA:8258,0
DA:8259,0
DA:8260,0
DA:8261,0
DA:8262,0
DA:8263,0
DA:8264,0
DA:8265,0
DA:8266,0
DA:8267,0
DA:8276,0
DA:8326,0
DA:8327,0
DA:8328,0
DA:8329,0
DA:8330,0
DA:8331,0
DA:8332,0
DA:8333,0
DA:8334,0
DA:8336,0
DA:8337,0
DA:8338,0
DA:8341,0
DA:8344,0
DA:8345,0
DA:8346,0
DA:8347,0
DA:8349,0
DA:8350,0
DA:8352,0
DA:8353,0
DA:8354,0
DA:8356,0
DA:8358,0
DA:8359,0
DA:8360,0
DA:8362,0
DA:8364,0
DA:8365,0
DA:8366,0
DA:8368,0
DA:8370,0
DA:8371,0
DA:8372,0
DA:8374,0
DA:8376,0
DA:8377,0
DA:8379,0
DA:8380,0
DA:8382,0
DA:8383,0
DA:8385,0
DA:8386,0
DA:8391,0
DA:8392,0
DA:8393,0
DA:8395,0
DA:8396,0
DA:8397,0
DA:8398,0
DA:8399,0
DA:8400,0
DA:8401,0
DA:8402,0
DA:8403,0
DA:8404,0
DA:8405,0
DA:8406,0
DA:8407,0
DA:8408,0
DA:8409,0
DA:8410,0
DA:8414,0
DA:8416,0
DA:8428,0
DA:8436,0
DA:8438,0
DA:8439,0
DA:8440,0
DA:8441,0
DA:8442,0
DA:8443,0
DA:8444,0
DA:8445,0
DA:8447,0
DA:8451,0
DA:8452,0
DA:8453,0
DA:8454,0
DA:8455,0
DA:8456,0
DA:8457,0
DA:8458,0
DA:8460,0
DA:8461,0
DA:8465,0
DA:8467,0
DA:8468,0
DA:8469,0
DA:8470,0
DA:8471,0
DA:8472,0
DA:8473,0
DA:8474,0
DA:8475,0
DA:8478,0
DA:8480,0
DA:8481,0
DA:8482,0
DA:8483,0
DA:8484,0
DA:8485,0
DA:8486,0
DA:8487,0
DA:8488,0
DA:8492,0
DA:8500,0
DA:8501,0
DA:8502,0
DA:8503,0
DA:8504,0
DA:8505,0
DA:8506,0
DA:8507,0
DA:8509,0
DA:8510,0
DA:8511,0
DA:8512,0
DA:8513,0
DA:8514,0
DA:8515,0
DA:8516,0
DA:8517,0
DA:8519,0
DA:8520,0
DA:8521,0
DA:8522,0
DA:8526,0
DA:8528,0
DA:8529,0
DA:8530,0
DA:8531,0
DA:8532,0
DA:8533,0
DA:8534,0
DA:8535,0
DA:8536,0
DA:8537,0
DA:8540,0
DA:8541,0
DA:8542,0
DA:8543,0
DA:8546,0
DA:8547,0
DA:8548,0
DA:8549,0
DA:8550,0
DA:8551,0
DA:8552,0
DA:8553,0
DA:8564,0
DA:8573,0
DA:8581,0
DA:8582,0
DA:8583,0
DA:8584,0
DA:8585,0
DA:8594,0
DA:8595,0
DA:8596,0
DA:8597,0
DA:8598,0
DA:8599,0
DA:8600,0
DA:8601,0
DA:8605,0
DA:8613,0
DA:8614,0
DA:8615,0
DA:8616,0
DA:8617,0
DA:8618,0
DA:8619,0
DA:8620,0
DA:8624,0
DA:8626,0
DA:8627,0
DA:8628,0
DA:8630,0
DA:8631,0
DA:8633,0
DA:8634,0
DA:8636,0
DA:8637,0
DA:8639,0
DA:8640,0
DA:8642,0
DA:8643,0
DA:8645,0
DA:8646,0
DA:8651,0
DA:8653,0
DA:8654,0
DA:8655,0
DA:8656,0
DA:8657,0
DA:8658,0
DA:8659,0
DA:8660,0
DA:8661,0
DA:8662,0
DA:8671,0
DA:8684,0
DA:8685,0
DA:8686,0
DA:8687,0
DA:8688,0
DA:8691,0
DA:8694,0
DA:8695,0
DA:8696,0
DA:8697,0
DA:8699,0
DA:8700,0
DA:8702,0
DA:8704,0
DA:8705,0
DA:8706,0
DA:8708,0
DA:8713,0
DA:8714,0
DA:8715,0
DA:8717,0
DA:8718,0
DA:8719,0
DA:8720,0
DA:8721,0
DA:8722,0
DA:8726,0
DA:8728,0
DA:8735,0
DA:8736,0
DA:8738,0
DA:8739,0
DA:8740,0
DA:8744,0
DA:8745,0
DA:8746,0
DA:8747,0
DA:8751,0
DA:8753,0
DA:8754,0
DA:8755,0
DA:8756,0
DA:8759,0
DA:8761,0
DA:8762,0
DA:8763,0
DA:8764,0
DA:8768,0
DA:8769,0
DA:8770,0
DA:8772,0
DA:8773,0
DA:8775,0
DA:8776,0
DA:8780,0
DA:8782,0
DA:8783,0
DA:8784,0
DA:8785,0
DA:8786,0
DA:8789,0
DA:8790,0
DA:8791,0
DA:8794,0
DA:8795,0
DA:8796,0
DA:8803,0
DA:8808,0
DA:8812,0
DA:8813,0
DA:8814,0
DA:8819,0
DA:8820,0
DA:8821,0
DA:8822,0
DA:8826,0
DA:8828,0
DA:8829,0
DA:8830,0
DA:8831,0
DA:8835,0
DA:8837,0
DA:8838,0
DA:8839,0
DA:8841,0
DA:8842,0
DA:8844,0
DA:8845,0
DA:8850,0
DA:8852,0
DA:8853,0
DA:8854,0
DA:8855,0
DA:8856,0
DA:8857,0
DA:8866,0
DA:8879,0
DA:8880,0
DA:8881,0
DA:8882,0
DA:8883,0
DA:8886,0
DA:8890,0
DA:8891,0
DA:8892,0
DA:8893,0
DA:8895,0
DA:8896,0
DA:8898,0
DA:8900,0
DA:8901,0
DA:8902,0
DA:8904,0
DA:8909,0
DA:8910,0
DA:8911,0
DA:8913,0
DA:8914,0
DA:8915,0
DA:8916,0
DA:8917,0
DA:8918,0
DA:8922,0
DA:8924,0
DA:8932,0
DA:8934,0
DA:8936,0
DA:8937,0
DA:8938,0
DA:8942,0
DA:8943,0
DA:8944,0
DA:8945,0
DA:8949,0
DA:8951,0
DA:8952,0
DA:8953,0
DA:8954,0
DA:8957,0
DA:8959,0
DA:8960,0
DA:8961,0
DA:8962,0
DA:8966,0
DA:8967,0
DA:8968,0
DA:8969,0
DA:8971,0
DA:8973,0
DA:8974,0
DA:8975,0
DA:8976,0
DA:8977,0
DA:8981,0
DA:8983,0
DA:8984,0
DA:8985,0
DA:8986,0
DA:8987,0
DA:8990,0
DA:8991,0
DA:8992,0
DA:8995,0
DA:8996,0
DA:8997,0
DA:9005,0
DA:9010,0
DA:9014,0
DA:9015,0
DA:9016,0
DA:9021,0
DA:9022,0
DA:9023,0
DA:9024,0
DA:9028,0
DA:9030,0
DA:9031,0
DA:9032,0
DA:9033,0
DA:9037,0
DA:9039,0
DA:9040,0
DA:9041,0
DA:9043,0
DA:9044,0
DA:9046,0
DA:9047,0
DA:9052,0
DA:9054,0
DA:9055,0
DA:9056,0
DA:9057,0
DA:9058,0
DA:9059,0
DA:9068,0
DA:9091,0
DA:9092,0
DA:9093,0
DA:9094,0
DA:9095,0
DA:9098,0
DA:9101,0
DA:9102,0
DA:9103,0
DA:9104,0
DA:9106,0
DA:9107,0
DA:9109,0
DA:9110,0
DA:9111,0
DA:9113,0
DA:9115,0
DA:9116,0
DA:9117,0
DA:9119,0
DA:9124,0
DA:9125,0
DA:9126,0
DA:9128,0
DA:9129,0
DA:9130,0
DA:9131,0
DA:9132,0
DA:9133,0
DA:9134,0
DA:9135,0
DA:9139,0
DA:9141,0
DA:9149,0
DA:9153,0
DA:9155,0
DA:9156,0
DA:9157,0
DA:9158,0
DA:9162,0
DA:9163,0
DA:9164,0
DA:9165,0
DA:9166,0
DA:9170,0
DA:9172,0
DA:9173,0
DA:9174,0
DA:9175,0
DA:9176,0
DA:9179,0
DA:9181,0
DA:9182,0
DA:9183,0
DA:9184,0
DA:9185,0
DA:9189,0
DA:9191,0
DA:9192,0
DA:9193,0
DA:9194,0
DA:9196,0
DA:9197,0
DA:9198,0
DA:9199,0
DA:9200,0
DA:9201,0
DA:9202,0
DA:9206,0
DA:9208,0
DA:9209,0
DA:9210,0
DA:9211,0
DA:9212,0
DA:9213,0
DA:9216,0
DA:9217,0
DA:9218,0
DA:9221,0
DA:9222,0
DA:9223,0
DA:9224,0
DA:9231,0
DA:9236,0
DA:9240,0
DA:9241,0
DA:9242,0
DA:9247,0
DA:9248,0
DA:9249,0
DA:9250,0
DA:9254,0
DA:9258,0
DA:9259,0
DA:9260,0
DA:9261,0
DA:9265,0
DA:9267,0
DA:9268,0
DA:9269,0
DA:9271,0
DA:9272,0
DA:9274,0
DA:9275,0
DA:9280,0
DA:9282,0
DA:9283,0
DA:9284,0
DA:9285,0
DA:9286,0
DA:9287,0
DA:9296,0
DA:9390,0
DA:9391,0
DA:9392,0
DA:9393,0
DA:9394,0
DA:9395,0
DA:9396,0
DA:9397,0
DA:9398,0
DA:9399,0
DA:9400,0
DA:9401,0
DA:9402,0
DA:9403,0
DA:9404,0
DA:9405,0
DA:9407,0
DA:9408,0
DA:9409,0
DA:9412,0
DA:9415,0
DA:9416,0
DA:9417,0
DA:9418,0
DA:9420,0
DA:9421,0
DA:9423,0
DA:9424,0
DA:9426,0
DA:9427,0
DA:9429,0
DA:9430,0
DA:9431,0
DA:9433,0
DA:9435,0
DA:9436,0
DA:9437,0
DA:9439,0
DA:9441,0
DA:9442,0
DA:9444,0
DA:9445,0
DA:9447,0
DA:9448,0
DA:9450,0
DA:9451,0
DA:9453,0
DA:9455,0
DA:9456,0
DA:9458,0
DA:9459,0
DA:9461,0
DA:9462,0
DA:9464,0
DA:9465,0
DA:9468,0
DA:9469,0
DA:9471,0
DA:9472,0
DA:9474,0
DA:9475,0
DA:9476,0
DA:9478,0
DA:9479,0
DA:9481,0
DA:9482,0
DA:9484,0
DA:9485,0
DA:9487,0
DA:9488,0
DA:9490,0
DA:9491,0
DA:9493,0
DA:9494,0
DA:9496,0
DA:9497,0
DA:9499,0
DA:9500,0
DA:9505,0
DA:9506,0
DA:9507,0
DA:9509,0
DA:9510,0
DA:9511,0
DA:9512,0
DA:9513,0
DA:9514,0
DA:9515,0
DA:9516,0
DA:9517,0
DA:9518,0
DA:9519,0
DA:9520,0
DA:9521,0
DA:9522,0
DA:9523,0
DA:9524,0
DA:9525,0
DA:9527,0
DA:9528,0
DA:9529,0
DA:9530,0
DA:9531,0
DA:9532,0
DA:9533,0
DA:9534,0
DA:9535,0
DA:9536,0
DA:9537,0
DA:9538,0
DA:9539,0
DA:9543,0
DA:9545,0
DA:9564,2
DA:9579,0
DA:9581,0
DA:9582,0
DA:9583,0
DA:9584,0
DA:9586,0
DA:9587,0
DA:9588,0
DA:9589,0
DA:9591,0
DA:9592,0
DA:9593,0
DA:9595,0
DA:9596,0
DA:9597,0
DA:9599,0
DA:9600,0
DA:9602,0
DA:9603,0
DA:9605,0
DA:9606,0
DA:9608,0
DA:9609,0
DA:9611,0
DA:9612,0
DA:9616,0
DA:9617,0
DA:9618,0
DA:9619,0
DA:9621,0
DA:9622,0
DA:9623,0
DA:9624,0
DA:9626,0
DA:9627,0
DA:9628,0
DA:9630,0
DA:9632,0
DA:9634,0
DA:9635,0
DA:9637,0
DA:9638,0
DA:9640,0
DA:9641,0
DA:9643,0
DA:9644,0
DA:9646,0
DA:9647,0
DA:9648,0
DA:9652,0
DA:9654,0
DA:9655,0
DA:9656,0
DA:9657,0
DA:9658,0
DA:9659,0
DA:9660,0
DA:9661,0
DA:9662,0
DA:9664,0
DA:9666,0
DA:9667,0
DA:9668,0
DA:9669,0
DA:9670,0
DA:9671,0
DA:9674,0
DA:9676,0
DA:9677,0
DA:9678,0
DA:9679,0
DA:9680,0
DA:9681,0
DA:9682,0
DA:9683,0
DA:9684,0
DA:9686,0
DA:9687,0
DA:9688,0
DA:9689,0
DA:9690,0
DA:9691,0
DA:9692,0
DA:9696,0
DA:9711,0
DA:9712,0
DA:9713,0
DA:9714,0
DA:9715,0
DA:9716,0
DA:9717,0
DA:9719,0
DA:9721,0
DA:9722,0
DA:9723,0
DA:9724,0
DA:9725,0
DA:9726,0
DA:9727,0
DA:9729,0
DA:9731,0
DA:9732,0
DA:9733,0
DA:9735,0
DA:9736,0
DA:9738,0
DA:9740,0
DA:9741,0
DA:9742,0
DA:9744,0
DA:9745,0
DA:9746,0
DA:9747,0
DA:9748,0
DA:9749,0
DA:9750,0
DA:9752,0
DA:9753,0
DA:9754,0
DA:9755,0
DA:9756,0
DA:9757,0
DA:9758,0
DA:9759,0
DA:9760,0
DA:9761,0
DA:9762,0
DA:9763,0
DA:9764,0
DA:9765,0
DA:9766,0
DA:9767,0
DA:9768,0
DA:9769,0
DA:9770,0
DA:9774,0
DA:9776,0
DA:9777,0
DA:9778,0
DA:9779,0
DA:9780,0
DA:9781,0
DA:9782,0
DA:9783,0
DA:9784,0
DA:9785,0
DA:9786,0
DA:9787,0
DA:9788,0
DA:9789,0
DA:9790,0
DA:9791,0
DA:9792,0
DA:9793,0
DA:9796,0
DA:9797,0
DA:9798,0
DA:9799,0
DA:9800,0
DA:9801,0
DA:9802,0
DA:9803,0
DA:9804,0
DA:9805,0
DA:9806,0
DA:9807,0
DA:9808,0
DA:9809,0
DA:9810,0
DA:9811,0
DA:9812,0
DA:9815,0
DA:9816,0
DA:9817,0
DA:9818,0
DA:9819,0
DA:9820,0
DA:9821,0
DA:9822,0
DA:9823,0
DA:9824,0
DA:9825,0
DA:9826,0
DA:9827,0
DA:9828,0
DA:9829,0
DA:9830,0
DA:9848,2
DA:9864,0
DA:9879,0
DA:9880,0
DA:9881,0
DA:9882,0
DA:9898,0
DA:9899,0
DA:9900,0
DA:9901,0
DA:9902,0
DA:9903,0
DA:9904,0
DA:9905,0
DA:9907,0
DA:9910,0
DA:9911,0
DA:9912,0
DA:9913,0
DA:9914,0
DA:9915,0
DA:9919,0
DA:9934,0
DA:9935,0
DA:9936,0
DA:9937,0
DA:9938,0
DA:9939,0
DA:9940,0
DA:9941,0
DA:9943,0
DA:9944,0
DA:9945,0
DA:9946,0
DA:9947,0
DA:9948,0
DA:9949,0
DA:9953,0
DA:9955,0
DA:9956,0
DA:9957,0
DA:9959,0
DA:9960,0
DA:9962,0
DA:9963,0
DA:9965,0
DA:9966,0
DA:9968,0
DA:9969,0
DA:9971,0
DA:9972,0
DA:9974,0
DA:9975,0
DA:9977,0
DA:9978,0
DA:9979,0
DA:9981,0
DA:9982,0
DA:9983,0
DA:9985,0
DA:9986,0
DA:9988,0
DA:9989,0
DA:9991,0
DA:9992,0
DA:9994,0
DA:9995,0
DA:9997,0
DA:9998,0
DA:10003,0
DA:10005,0
DA:10006,0
DA:10007,0
DA:10008,0
DA:10009,0
DA:10010,0
DA:10011,0
DA:10012,0
DA:10013,0
DA:10014,0
DA:10015,0
DA:10016,0
DA:10017,0
DA:10018,0
DA:10019,0
DA:10020,0
DA:10021,0
DA:10022,0
DA:10031,0
DA:10056,0
DA:10058,0
DA:10059,0
DA:10060,0
DA:10061,0
DA:10064,0
DA:10068,0
DA:10069,0
DA:10070,0
DA:10071,0
DA:10073,0
DA:10074,0
DA:10076,0
DA:10078,0
DA:10079,0
DA:10080,0
DA:10082,0
DA:10084,0
DA:10085,0
DA:10087,0
DA:10088,0
DA:10094,0
DA:10095,0
DA:10096,0
DA:10098,0
DA:10099,0
DA:10100,0
DA:10101,0
DA:10102,0
DA:10103,0
DA:10104,0
DA:10106,0
DA:10110,0
DA:10112,0
DA:10121,1
DA:10125,0
DA:10127,0
DA:10128,0
DA:10129,0
DA:10130,0
DA:10131,0
DA:10135,0
DA:10136,0
DA:10137,0
DA:10138,0
DA:10139,0
DA:10143,0
DA:10145,0
DA:10146,0
DA:10147,0
DA:10148,0
DA:10150,0
DA:10153,0
DA:10155,0
DA:10156,0
DA:10157,0
DA:10158,0
DA:10160,0
DA:10164,0
DA:10166,0
DA:10167,0
DA:10168,0
DA:10170,0
DA:10172,0
DA:10173,0
DA:10175,0
DA:10176,0
DA:10177,0
DA:10178,0
DA:10179,0
DA:10183,0
DA:10185,0
DA:10186,0
DA:10187,0
DA:10188,0
DA:10189,0
DA:10190,0
DA:10193,0
DA:10195,0
DA:10196,0
DA:10199,0
DA:10200,0
DA:10201,0
DA:10202,0
DA:10210,1
DA:10216,0
DA:10221,0
DA:10222,0
DA:10223,0
DA:10229,0
DA:10230,0
DA:10231,0
DA:10233,0
DA:10234,0
DA:10238,0
DA:10243,0
DA:10244,0
DA:10245,0
DA:10247,0
DA:10248,0
DA:10252,0
DA:10254,0
DA:10255,0
DA:10256,0
DA:10258,0
DA:10259,0
DA:10261,0
DA:10262,0
DA:10263,0
DA:10265,0
DA:10266,0
DA:10271,0
DA:10273,0
DA:10274,0
DA:10275,0
DA:10276,0
DA:10277,0
DA:10278,0
DA:10279,0
DA:10288,0
DA:10301,0
DA:10302,0
DA:10303,0
DA:10304,0
DA:10305,0
DA:10308,0
DA:10311,0
DA:10312,0
DA:10313,0
DA:10314,0
DA:10316,0
DA:10317,0
DA:10319,0
DA:10321,0
DA:10322,0
DA:10324,0
DA:10325,0
DA:10327,0
DA:10332,0
DA:10333,0
DA:10334,0
DA:10336,0
DA:10337,0
DA:10338,0
DA:10339,0
DA:10340,0
DA:10342,0
DA:10346,0
DA:10348,0
DA:10355,0
DA:10357,0
DA:10359,0
DA:10360,0
DA:10361,0
DA:10365,0
DA:10366,0
DA:10367,0
DA:10368,0
DA:10372,0
DA:10374,0
DA:10375,0
DA:10376,0
DA:10378,0
DA:10381,0
DA:10383,0
DA:10384,0
DA:10385,0
DA:10386,0
DA:10390,0
DA:10391,0
DA:10392,0
DA:10394,0
DA:10396,0
DA:10397,0
DA:10399,0
DA:10400,0
DA:10401,0
DA:10402,0
DA:10406,0
DA:10408,0
DA:10409,0
DA:10410,0
DA:10411,0
DA:10412,0
DA:10415,0
DA:10416,0
DA:10417,0
DA:10420,0
DA:10421,0
DA:10422,0
DA:10429,0
DA:10434,0
DA:10438,0
DA:10439,0
DA:10440,0
DA:10445,0
DA:10446,0
DA:10448,0
DA:10449,0
DA:10453,0
DA:10457,0
DA:10458,0
DA:10460,0
DA:10461,0
DA:10465,0
DA:10467,0
DA:10468,0
DA:10469,0
DA:10471,0
DA:10472,0
DA:10473,0
DA:10475,0
DA:10476,0
DA:10481,0
DA:10483,0
DA:10484,0
DA:10485,0
DA:10486,0
DA:10487,0
DA:10488,0
DA:10497,0
DA:10510,0
DA:10511,0
DA:10512,0
DA:10513,0
DA:10514,0
DA:10517,0
DA:10520,0
DA:10521,0
DA:10522,0
DA:10523,0
DA:10524,0
DA:10526,0
DA:10528,0
DA:10529,0
DA:10530,0
DA:10532,0
DA:10537,0
DA:10538,0
DA:10539,0
DA:10541,0
DA:10542,0
DA:10543,0
DA:10544,0
DA:10545,0
DA:10546,0
DA:10550,0
DA:10552,0
DA:10560,0
DA:10561,0
DA:10563,0
DA:10564,0
DA:10565,0
DA:10569,0
DA:10570,0
DA:10571,0
DA:10572,0
DA:10576,0
DA:10578,0
DA:10579,0
DA:10580,0
DA:10581,0
DA:10584,0
DA:10586,0
DA:10587,0
DA:10588,0
DA:10589,0
DA:10593,0
DA:10594,0
DA:10595,0
DA:10596,0
DA:10598,0
DA:10599,0
DA:10600,0
DA:10601,0
DA:10605,0
DA:10607,0
DA:10608,0
DA:10609,0
DA:10610,0
DA:10611,0
DA:10614,0
DA:10615,0
DA:10616,0
DA:10619,0
DA:10620,0
DA:10621,0
DA:10628,0
DA:10633,0
DA:10637,0
DA:10638,0
DA:10639,0
DA:10644,0
DA:10645,0
DA:10646,0
DA:10647,0
DA:10651,0
DA:10653,0
DA:10654,0
DA:10655,0
DA:10656,0
DA:10660,0
DA:10662,0
DA:10663,0
DA:10664,0
DA:10666,0
DA:10667,0
DA:10669,0
DA:10670,0
DA:10675,0
DA:10677,0
DA:10678,0
DA:10679,0
DA:10680,0
DA:10681,0
DA:10682,0
DA:10690,2
DA:10693,4
DA:10694,2
DA:10830,0
DA:10831,0
DA:10832,0
DA:10833,0
DA:10834,0
DA:10835,0
DA:10836,0
DA:10837,0
DA:10838,0
DA:10839,0
DA:10840,0
DA:10841,0
DA:10842,0
DA:10843,0
DA:10844,0
DA:10845,0
DA:10846,0
DA:10847,0
DA:10848,0
DA:10849,0
DA:10850,0
DA:10851,0
DA:10852,0
DA:10853,0
DA:10854,0
DA:10855,0
DA:10856,0
DA:10858,2
DA:10859,4
DA:10860,2
DA:10863,0
DA:10866,0
DA:10867,0
DA:10868,0
DA:10869,0
DA:10870,0
DA:10872,0
DA:10873,0
DA:10874,0
DA:10876,0
DA:10877,0
DA:10878,0
DA:10880,0
DA:10881,0
DA:10882,0
DA:10884,0
DA:10885,0
DA:10886,0
DA:10888,0
DA:10889,0
DA:10890,0
DA:10892,0
DA:10893,0
DA:10894,0
DA:10896,0
DA:10897,0
DA:10898,0
DA:10900,0
DA:10901,0
DA:10902,0
DA:10904,0
DA:10905,0
DA:10906,0
DA:10908,0
DA:10909,0
DA:10911,0
DA:10912,0
DA:10914,0
DA:10915,0
DA:10916,0
DA:10918,0
DA:10919,0
DA:10920,0
DA:10922,0
DA:10923,0
DA:10924,0
DA:10926,0
DA:10927,0
DA:10928,0
DA:10930,0
DA:10931,0
DA:10932,0
DA:10934,0
DA:10935,0
DA:10937,0
DA:10938,0
DA:10940,0
DA:10942,0
DA:10943,0
DA:10945,0
DA:10946,0
DA:10948,0
DA:10949,0
DA:10950,0
DA:10952,0
DA:10953,0
DA:10954,0
DA:10956,0
DA:10957,0
DA:10959,0
DA:10960,0
DA:10962,0
DA:10963,0
DA:10965,0
DA:10966,0
DA:10968,0
DA:10969,0
DA:10971,0
DA:10972,0
DA:10974,0
DA:10975,0
DA:10977,0
DA:10978,0
DA:10980,0
DA:10981,0
DA:10982,0
DA:10987,0
DA:10988,0
DA:10989,0
DA:10991,0
DA:10992,0
DA:10993,0
DA:10994,0
DA:10995,0
DA:10996,0
DA:10997,0
DA:10998,0
DA:10999,0
DA:11000,0
DA:11001,0
DA:11002,0
DA:11003,0
DA:11004,0
DA:11005,0
DA:11006,0
DA:11007,0
DA:11008,0
DA:11009,0
DA:11010,0
DA:11011,0
DA:11012,0
DA:11013,0
DA:11014,0
DA:11015,0
DA:11016,0
DA:11017,0
DA:11018,0
DA:11019,0
DA:11020,0
DA:11021,0
DA:11022,0
DA:11023,0
DA:11024,0
DA:11025,0
DA:11026,0
DA:11027,0
DA:11028,0
DA:11029,0
DA:11030,0
DA:11031,0
DA:11032,0
DA:11033,0
DA:11034,0
DA:11035,0
DA:11036,0
DA:11037,0
DA:11038,0
DA:11039,0
DA:11040,0
DA:11041,0
DA:11042,0
DA:11046,0
DA:11048,0
DA:11078,0
DA:11104,0
DA:11106,0
DA:11107,0
DA:11108,0
DA:11109,0
DA:11111,0
DA:11112,0
DA:11114,0
DA:11115,0
DA:11117,0
DA:11118,0
DA:11120,0
DA:11121,0
DA:11123,0
DA:11124,0
DA:11126,0
DA:11127,0
DA:11129,0
DA:11130,0
DA:11132,0
DA:11133,0
DA:11135,0
DA:11136,0
DA:11138,0
DA:11139,0
DA:11141,0
DA:11142,0
DA:11144,0
DA:11145,0
DA:11147,0
DA:11148,0
DA:11150,0
DA:11151,0
DA:11153,0
DA:11154,0
DA:11155,0
DA:11157,0
DA:11158,0
DA:11160,0
DA:11161,0
DA:11163,0
DA:11164,0
DA:11166,0
DA:11167,0
DA:11169,0
DA:11170,0
DA:11172,0
DA:11173,0
DA:11175,0
DA:11176,0
DA:11181,0
DA:11182,0
DA:11183,0
DA:11185,0
DA:11186,0
DA:11188,0
DA:11189,0
DA:11191,0
DA:11193,0
DA:11195,0
DA:11197,0
DA:11199,0
DA:11201,0
DA:11202,0
DA:11204,0
DA:11205,0
DA:11207,0
DA:11209,0
DA:11210,0
DA:11212,0
DA:11214,0
DA:11216,0
DA:11217,0
DA:11219,0
DA:11220,0
DA:11221,0
DA:11223,0
DA:11224,0
DA:11226,0
DA:11227,0
DA:11229,0
DA:11230,0
DA:11232,0
DA:11233,0
DA:11235,0
DA:11236,0
DA:11238,0
DA:11239,0
DA:11241,0
DA:11242,0
DA:11246,0
DA:11248,0
DA:11249,0
DA:11250,0
DA:11251,0
DA:11252,0
DA:11253,0
DA:11254,0
DA:11255,0
DA:11256,0
DA:11257,0
DA:11258,0
DA:11259,0
DA:11260,0
DA:11261,0
DA:11262,0
DA:11263,0
DA:11264,0
DA:11265,0
DA:11266,0
DA:11267,0
DA:11268,0
DA:11269,0
DA:11270,0
DA:11271,0
DA:11272,0
DA:11273,0
DA:11274,0
DA:11277,0
DA:11279,0
DA:11280,0
DA:11281,0
DA:11282,0
DA:11283,0
DA:11284,0
DA:11285,0
DA:11286,0
DA:11287,0
DA:11288,0
DA:11289,0
DA:11290,0
DA:11291,0
DA:11292,0
DA:11293,0
DA:11294,0
DA:11295,0
DA:11296,0
DA:11297,0
DA:11298,0
DA:11299,0
DA:11300,0
DA:11301,0
DA:11302,0
DA:11303,0
DA:11304,0
DA:11305,0
DA:11309,0
DA:11335,0
DA:11336,0
DA:11337,0
DA:11338,0
DA:11339,0
DA:11340,0
DA:11341,0
DA:11342,0
DA:11343,0
DA:11344,0
DA:11345,0
DA:11346,0
DA:11347,0
DA:11348,0
DA:11349,0
DA:11350,0
DA:11351,0
DA:11352,0
DA:11354,0
DA:11355,0
DA:11356,0
DA:11357,0
DA:11358,0
DA:11359,0
DA:11360,0
DA:11361,0
DA:11363,0
DA:11364,0
DA:11365,0
DA:11366,0
DA:11367,0
DA:11368,0
DA:11369,0
DA:11370,0
DA:11371,0
DA:11372,0
DA:11373,0
DA:11374,0
DA:11376,0
DA:11377,0
DA:11378,0
DA:11379,0
DA:11380,0
DA:11381,0
DA:11383,0
DA:11384,0
DA:11385,0
DA:11386,0
DA:11387,0
DA:11388,0
DA:11390,0
DA:11392,0
DA:11394,0
DA:11396,0
DA:11397,0
DA:11401,0
DA:11403,0
DA:11404,0
DA:11405,0
DA:11406,0
DA:11407,0
DA:11408,0
DA:11409,0
DA:11410,0
DA:11411,0
DA:11412,0
DA:11413,0
DA:11414,0
DA:11415,0
DA:11416,0
DA:11417,0
DA:11418,0
DA:11419,0
DA:11420,0
DA:11421,0
DA:11422,0
DA:11423,0
DA:11424,0
DA:11425,0
DA:11426,0
DA:11427,0
DA:11428,0
DA:11429,0
DA:11430,0
DA:11433,0
DA:11434,0
DA:11435,0
DA:11436,0
DA:11437,0
DA:11438,0
DA:11439,0
DA:11440,0
DA:11441,0
DA:11442,0
DA:11443,0
DA:11444,0
DA:11445,0
DA:11446,0
DA:11447,0
DA:11448,0
DA:11449,0
DA:11450,0
DA:11451,0
DA:11452,0
DA:11453,0
DA:11454,0
DA:11455,0
DA:11456,0
DA:11457,0
DA:11458,0
DA:11459,0
DA:11461,0
DA:11464,0
DA:11465,0
DA:11466,0
DA:11467,0
DA:11468,0
DA:11469,0
DA:11470,0
DA:11471,0
DA:11472,0
DA:11473,0
DA:11474,0
DA:11475,0
DA:11476,0
DA:11477,0
DA:11478,0
DA:11479,0
DA:11480,0
DA:11481,0
DA:11482,0
DA:11483,0
DA:11484,0
DA:11485,0
DA:11486,0
DA:11487,0
DA:11488,0
DA:11489,0
DA:11518,0
DA:11545,0
DA:11571,0
DA:11572,0
DA:11599,0
DA:11600,0
DA:11601,0
DA:11602,0
DA:11603,0
DA:11604,0
DA:11605,0
DA:11606,0
DA:11607,0
DA:11608,0
DA:11609,0
DA:11610,0
DA:11611,0
DA:11612,0
DA:11613,0
DA:11614,0
DA:11615,0
DA:11616,0
DA:11617,0
DA:11618,0
DA:11619,0
DA:11620,0
DA:11621,0
DA:11622,0
DA:11623,0
DA:11624,0
DA:11628,0
DA:11654,0
DA:11655,0
DA:11656,0
DA:11657,0
DA:11658,0
DA:11659,0
DA:11660,0
DA:11661,0
DA:11662,0
DA:11663,0
DA:11664,0
DA:11665,0
DA:11666,0
DA:11667,0
DA:11668,0
DA:11669,0
DA:11670,0
DA:11671,0
DA:11672,0
DA:11673,0
DA:11674,0
DA:11675,0
DA:11676,0
DA:11677,0
DA:11678,0
DA:11679,0
DA:11683,0
DA:11685,0
DA:11686,0
DA:11687,0
DA:11689,0
DA:11690,0
DA:11692,0
DA:11693,0
DA:11695,0
DA:11696,0
DA:11698,0
DA:11699,0
DA:11701,0
DA:11702,0
DA:11704,0
DA:11705,0
DA:11707,0
DA:11708,0
DA:11710,0
DA:11711,0
DA:11713,0
DA:11714,0
DA:11716,0
DA:11717,0
DA:11719,0
DA:11720,0
DA:11722,0
DA:11723,0
DA:11725,0
DA:11726,0
DA:11728,0
DA:11729,0
DA:11731,0
DA:11732,0
DA:11734,0
DA:11735,0
DA:11737,0
DA:11738,0
DA:11740,0
DA:11741,0
DA:11743,0
DA:11744,0
DA:11746,0
DA:11747,0
DA:11749,0
DA:11750,0
DA:11752,0
DA:11753,0
DA:11755,0
DA:11756,0
DA:11758,0
DA:11759,0
DA:11764,0
DA:11766,0
DA:11767,0
DA:11768,0
DA:11769,0
DA:11770,0
DA:11771,0
DA:11772,0
DA:11773,0
DA:11774,0
DA:11775,0
DA:11776,0
DA:11777,0
DA:11778,0
DA:11779,0
DA:11780,0
DA:11781,0
DA:11782,0
DA:11783,0
DA:11784,0
DA:11785,0
DA:11786,0
DA:11787,0
DA:11788,0
DA:11789,0
DA:11790,0
DA:11791,0
DA:11792,0
DA:11793,0
DA:11802,0
DA:11838,0
DA:11840,0
DA:11841,0
DA:11842,0
DA:11843,0
DA:11846,0
DA:11849,0
DA:11850,0
DA:11851,0
DA:11852,0
DA:11853,0
DA:11855,0
DA:11856,0
DA:11857,0
DA:11859,0
DA:11860,0
DA:11861,0
DA:11863,0
DA:11865,0
DA:11866,0
DA:11867,0
DA:11869,0
DA:11870,0
DA:11871,0
DA:11873,0
DA:11874,0
DA:11876,0
DA:11877,0
DA:11882,0
DA:11883,0
DA:11884,0
DA:11886,0
DA:11887,0
DA:11888,0
DA:11889,0
DA:11890,0
DA:11891,0
DA:11892,0
DA:11893,0
DA:11894,0
DA:11895,0
DA:11896,0
DA:11897,0
DA:11898,0
DA:11899,0
DA:11903,0
DA:11905,0
DA:11916,0
DA:11923,0
DA:11925,0
DA:11926,0
DA:11927,0
DA:11928,0
DA:11930,0
DA:11931,0
DA:11932,0
DA:11934,0
DA:11935,0
DA:11937,0
DA:11938,0
DA:11943,0
DA:11944,0
DA:11945,0
DA:11946,0
DA:11948,0
DA:11949,0
DA:11950,0
DA:11952,0
DA:11954,0
DA:11955,0
DA:11957,0
DA:11961,0
DA:11963,0
DA:11964,0
DA:11965,0
DA:11966,0
DA:11967,0
DA:11968,0
DA:11969,0
DA:11970,0
DA:11973,0
DA:11975,0
DA:11976,0
DA:11977,0
DA:11978,0
DA:11979,0
DA:11980,0
DA:11981,0
DA:11982,0
DA:11986,0
DA:11993,0
DA:11994,0
DA:11995,0
DA:11996,0
DA:11997,0
DA:11998,0
DA:11999,0
DA:12001,0
DA:12002,0
DA:12003,0
DA:12004,0
DA:12005,0
DA:12006,0
DA:12007,0
DA:12009,0
DA:12013,0
DA:12015,0
DA:12016,0
DA:12017,0
DA:12018,0
DA:12019,0
DA:12020,0
DA:12021,0
DA:12022,0
DA:12023,0
DA:12026,0
DA:12028,0
DA:12029,0
DA:12032,0
DA:12033,0
DA:12034,0
DA:12035,0
DA:12036,0
DA:12037,0
DA:12038,0
DA:12048,0
DA:12056,0
DA:12063,0
DA:12064,0
DA:12072,0
DA:12073,0
DA:12074,0
DA:12075,0
DA:12076,0
DA:12077,0
DA:12078,0
DA:12082,0
DA:12089,0
DA:12090,0
DA:12091,0
DA:12092,0
DA:12093,0
DA:12094,0
DA:12095,0
DA:12099,0
DA:12101,0
DA:12102,0
DA:12103,0
DA:12105,0
DA:12106,0
DA:12108,0
DA:12109,0
DA:12111,0
DA:12112,0
DA:12114,0
DA:12115,0
DA:12117,0
DA:12118,0
DA:12123,0
DA:12125,0
DA:12126,0
DA:12127,0
DA:12128,0
DA:12129,0
DA:12130,0
DA:12131,0
DA:12132,0
DA:12133,0
DA:12142,0
DA:12160,0
DA:12161,0
DA:12162,0
DA:12163,0
DA:12164,0
DA:12167,0
DA:12170,0
DA:12171,0
DA:12172,0
DA:12173,0
DA:12174,0
DA:12176,0
DA:12178,0
DA:12179,0
DA:12180,0
DA:12182,0
DA:12187,0
DA:12188,0
DA:12189,0
DA:12191,0
DA:12192,0
DA:12193,0
DA:12194,0
DA:12195,0
DA:12196,0
DA:12200,0
DA:12202,0
DA:12209,0
DA:12210,0
DA:12212,0
DA:12213,0
DA:12214,0
DA:12218,0
DA:12219,0
DA:12220,0
DA:12221,0
DA:12225,0
DA:12227,0
DA:12228,0
DA:12229,0
DA:12230,0
DA:12233,0
DA:12235,0
DA:12236,0
DA:12237,0
DA:12238,0
DA:12242,0
DA:12243,0
DA:12244,0
DA:12246,0
DA:12247,0
DA:12248,0
DA:12249,0
DA:12253,0
DA:12255,0
DA:12256,0
DA:12257,0
DA:12258,0
DA:12259,0
DA:12262,0
DA:12263,0
DA:12264,0
DA:12267,0
DA:12268,0
DA:12269,0
DA:12276,0
DA:12281,0
DA:12285,0
DA:12286,0
DA:12287,0
DA:12292,0
DA:12293,0
DA:12294,0
DA:12295,0
DA:12299,0
DA:12301,0
DA:12302,0
DA:12303,0
DA:12304,0
DA:12308,0
DA:12310,0
DA:12311,0
DA:12312,0
DA:12314,0
DA:12315,0
DA:12317,0
DA:12318,0
DA:12323,0
DA:12325,0
DA:12326,0
DA:12327,0
DA:12328,0
DA:12329,0
DA:12330,0
DA:12339,1
DA:12342,2
DA:12343,1
DA:12350,0
DA:12351,0
DA:12352,1
DA:12353,2
DA:12354,1
DA:12357,0
DA:12361,0
DA:12362,0
DA:12363,0
DA:12364,0
DA:12365,0
DA:12367,0
DA:12369,0
DA:12370,0
DA:12371,0
DA:12373,0
DA:12378,0
DA:12379,0
DA:12380,0
DA:12382,0
DA:12383,0
DA:12384,0
DA:12385,0
DA:12386,0
DA:12387,0
DA:12391,0
DA:12393,0
DA:12401,0
DA:12402,0
DA:12404,0
DA:12405,0
DA:12406,0
DA:12410,0
DA:12411,0
DA:12412,0
DA:12413,0
DA:12417,0
DA:12419,0
DA:12420,0
DA:12421,0
DA:12422,0
DA:12425,0
DA:12427,0
DA:12428,0
DA:12429,0
DA:12430,0
DA:12434,0
DA:12435,0
DA:12436,0
DA:12437,0
DA:12439,0
DA:12440,0
DA:12441,0
DA:12442,0
DA:12446,0
DA:12448,0
DA:12449,0
DA:12450,0
DA:12451,0
DA:12452,0
DA:12455,0
DA:12456,0
DA:12457,0
DA:12460,0
DA:12461,0
DA:12462,0
DA:12469,0
DA:12474,0
DA:12478,0
DA:12479,0
DA:12480,0
DA:12485,0
DA:12486,0
DA:12487,0
DA:12488,0
DA:12492,0
DA:12494,0
DA:12495,0
DA:12496,0
DA:12497,0
DA:12501,0
DA:12503,0
DA:12504,0
DA:12505,0
DA:12507,0
DA:12508,0
DA:12510,0
DA:12511,0
DA:12516,0
DA:12518,0
DA:12519,0
DA:12520,0
DA:12521,0
DA:12522,0
DA:12523,0
DA:12528,246
DA:12529,0
DA:12530,6
DA:12534,1
DA:12535,1
DA:12570,4
DA:12574,1
DA:12575,1
DA:12576,8
DA:12588,4
DA:12589,3
DA:12590,3
DA:12591,0
DA:12593,0
DA:12594,0
DA:12595,0
DA:12596,0
DA:12597,0
DA:12598,0
DA:12599,0
DA:12600,0
DA:12601,0
DA:12602,0
DA:12603,0
DA:12604,0
DA:12605,0
DA:12606,0
DA:12607,0
DA:12608,0
DA:12609,0
DA:12610,0
DA:12611,0
DA:12612,0
DA:12613,0
DA:12614,0
DA:12615,0
DA:12616,0
DA:12617,0
DA:12618,0
DA:12619,0
DA:12620,0
DA:12621,0
DA:12622,0
DA:12623,0
DA:12624,0
DA:12649,0
DA:12656,0
DA:12657,0
DA:12659,0
DA:12660,0
DA:12662,0
DA:12663,0
DA:12665,0
DA:12666,0
DA:12668,0
DA:12669,0
DA:12670,0
DA:12672,0
DA:12673,0
DA:12675,0
DA:12676,0
DA:12681,0
DA:12688,0
DA:12689,0
DA:12691,0
DA:12692,0
DA:12694,0
DA:12695,0
DA:12697,0
DA:12698,0
DA:12700,0
DA:12701,0
DA:12702,0
DA:12704,0
DA:12705,0
DA:12706,0
DA:12708,0
DA:12709,0
DA:12714,0
DA:12721,0
DA:12722,0
DA:12724,0
DA:12725,0
DA:12727,0
DA:12728,0
DA:12730,0
DA:12731,0
DA:12733,0
DA:12734,0
DA:12736,0
DA:12737,0
DA:12739,0
DA:12740,0
DA:12755,0
DA:12756,0
DA:12759,0
DA:12760,0
DA:12761,0
DA:12762,0
DA:12763,0
DA:12764,0
DA:12765,0
DA:12774,0
DA:12783,0
DA:12792,0
DA:12801,0
DA:12802,0
DA:12803,0
DA:12853,0
DA:12860,0
DA:12861,0
DA:12863,0
DA:12864,0
DA:12866,0
DA:12867,0
DA:12869,0
DA:12870,0
DA:12872,0
DA:12873,0
DA:12874,0
DA:12876,0
DA:12877,0
DA:12879,0
DA:12880,0
DA:12882,0
DA:12883,0
DA:12885,0
DA:12886,0
DA:12888,0
DA:12889,0
DA:12890,0
DA:12892,0
DA:12893,0
DA:12894,0
DA:12896,0
DA:12897,0
DA:12899,0
DA:12900,0
DA:12905,0
DA:12912,0
DA:12913,0
DA:12915,0
DA:12916,0
DA:12918,0
DA:12919,0
DA:12921,0
DA:12922,0
DA:12923,0
DA:12925,0
DA:12926,0
DA:12927,0
DA:12929,0
DA:12930,0
DA:12931,0
DA:12933,0
DA:12934,0
DA:12935,0
DA:12937,0
DA:12938,0
DA:12940,0
DA:12941,0
DA:12942,0
DA:12944,0
DA:12945,0
DA:12946,0
DA:12948,0
DA:12949,0
DA:12950,0
DA:12952,0
DA:12953,0
DA:12955,0
DA:12956,0
DA:12961,0
DA:12968,0
DA:12969,0
DA:12971,0
DA:12972,0
DA:12974,0
DA:12975,0
DA:12977,0
DA:12978,0
DA:12980,0
DA:12981,0
DA:12983,0
DA:12984,0
DA:12986,0
DA:12987,0
DA:12989,0
DA:12990,0
DA:12992,0
DA:12993,0
DA:12995,0
DA:12996,0
DA:12998,0
DA:12999,0
DA:13001,0
DA:13002,0
DA:13004,0
DA:13005,0
DA:13020,0
DA:13021,0
DA:13024,0
DA:13025,0
DA:13026,0
DA:13027,0
DA:13028,0
DA:13029,0
DA:13030,0
DA:13045,0
DA:13060,0
DA:13075,0
DA:13090,0
DA:13091,0
DA:13092,0
DA:13166,0
DA:13173,0
DA:13174,0
DA:13175,0
DA:13177,0
DA:13178,0
DA:13180,0
DA:13181,0
DA:13182,0
DA:13184,0
DA:13185,0
DA:13187,0
DA:13188,0
DA:13190,0
DA:13191,0
DA:13193,0
DA:13194,0
DA:13195,0
DA:13197,0
DA:13198,0
DA:13200,0
DA:13201,0
DA:13203,0
DA:13204,0
DA:13206,0
DA:13207,0
DA:13209,0
DA:13210,0
DA:13212,0
DA:13213,0
DA:13215,0
DA:13216,0
DA:13218,0
DA:13219,0
DA:13221,0
DA:13222,0
DA:13224,0
DA:13225,0
DA:13227,0
DA:13228,0
DA:13230,0
DA:13231,0
DA:13233,0
DA:13234,0
DA:13236,0
DA:13237,0
DA:13239,0
DA:13240,0
DA:13242,0
DA:13243,0
DA:13244,0
DA:13246,0
DA:13247,0
DA:13248,0
DA:13253,0
DA:13260,0
DA:13261,0
DA:13262,0
DA:13264,0
DA:13265,0
DA:13267,0
DA:13268,0
DA:13269,0
DA:13271,0
DA:13272,0
DA:13274,0
DA:13275,0
DA:13277,0
DA:13278,0
DA:13279,0
DA:13281,0
DA:13282,0
DA:13283,0
DA:13285,0
DA:13286,0
DA:13288,0
DA:13289,0
DA:13290,0
DA:13292,0
DA:13293,0
DA:13295,0
DA:13296,0
DA:13297,0
DA:13299,0
DA:13300,0
DA:13302,0
DA:13303,0
DA:13304,0
DA:13306,0
DA:13307,0
DA:13309,0
DA:13310,0
DA:13311,0
DA:13313,0
DA:13314,0
DA:13316,0
DA:13317,0
DA:13318,0
DA:13320,0
DA:13321,0
DA:13323,0
DA:13324,0
DA:13326,0
DA:13327,0
DA:13329,0
DA:13330,0
DA:13332,0
DA:13333,0
DA:13335,0
DA:13336,0
DA:13337,0
DA:13339,0
DA:13340,0
DA:13341,0
DA:13346,0
DA:13353,0
DA:13354,0
DA:13356,0
DA:13357,0
DA:13359,0
DA:13360,0
DA:13362,0
DA:13363,0
DA:13365,0
DA:13366,0
DA:13368,0
DA:13369,0
DA:13371,0
DA:13372,0
DA:13374,0
DA:13375,0
DA:13377,0
DA:13378,0
DA:13380,0
DA:13381,0
DA:13383,0
DA:13384,0
DA:13386,0
DA:13387,0
DA:13389,0
DA:13390,0
DA:13392,0
DA:13393,0
DA:13395,0
DA:13396,0
DA:13398,0
DA:13399,0
DA:13401,0
DA:13402,0
DA:13404,0
DA:13405,0
DA:13407,0
DA:13408,0
DA:13410,0
DA:13411,0
DA:13413,0
DA:13414,0
DA:13416,0
DA:13417,0
DA:13419,0
DA:13420,0
DA:13422,0
DA:13423,0
DA:13441,0
DA:13443,0
DA:13446,0
DA:13447,0
DA:13448,0
DA:13449,0
DA:13450,0
DA:13451,0
DA:13452,0
DA:13478,0
DA:13504,0
DA:13530,0
DA:13556,0
DA:13557,0
DA:13558,0
DA:13635,0
DA:13642,0
DA:13643,0
DA:13645,0
DA:13646,0
DA:13647,0
DA:13649,0
DA:13650,0
DA:13651,0
DA:13653,0
DA:13654,0
DA:13656,0
DA:13657,0
DA:13658,0
DA:13660,0
DA:13661,0
DA:13663,0
DA:13664,0
DA:13665,0
DA:13667,0
DA:13668,0
DA:13670,0
DA:13671,0
DA:13673,0
DA:13674,0
DA:13675,0
DA:13677,0
DA:13678,0
DA:13679,0
DA:13681,0
DA:13682,0
DA:13684,0
DA:13685,0
DA:13687,0
DA:13688,0
DA:13690,0
DA:13691,0
DA:13693,0
DA:13694,0
DA:13695,0
DA:13697,0
DA:13698,0
DA:13699,0
DA:13701,0
DA:13702,0
DA:13703,0
DA:13705,0
DA:13706,0
DA:13707,0
DA:13709,0
DA:13710,0
DA:13712,0
DA:13713,0
DA:13715,0
DA:13716,0
DA:13718,0
DA:13719,0
DA:13721,0
DA:13722,0
DA:13723,0
DA:13725,0
DA:13726,0
DA:13727,0
DA:13732,0
DA:13739,0
DA:13740,0
DA:13742,0
DA:13743,0
DA:13744,0
DA:13746,0
DA:13747,0
DA:13748,0
DA:13750,0
DA:13751,0
DA:13753,0
DA:13754,0
DA:13755,0
DA:13757,0
DA:13758,0
DA:13760,0
DA:13761,0
DA:13762,0
DA:13764,0
DA:13765,0
DA:13767,0
DA:13768,0
DA:13769,0
DA:13771,0
DA:13772,0
DA:13773,0
DA:13775,0
DA:13776,0
DA:13777,0
DA:13779,0
DA:13780,0
DA:13782,0
DA:13783,0
DA:13785,0
DA:13786,0
DA:13788,0
DA:13789,0
DA:13791,0
DA:13792,0
DA:13793,0
DA:13795,0
DA:13796,0
DA:13797,0
DA:13799,0
DA:13800,0
DA:13801,0
DA:13803,0
DA:13804,0
DA:13805,0
DA:13807,0
DA:13808,0
DA:13810,0
DA:13811,0
DA:13813,0
DA:13814,0
DA:13816,0
DA:13817,0
DA:13819,0
DA:13820,0
DA:13821,0
DA:13823,0
DA:13824,0
DA:13825,0
DA:13830,0
DA:13837,0
DA:13838,0
DA:13840,0
DA:13841,0
DA:13843,0
DA:13844,0
DA:13846,0
DA:13847,0
DA:13849,0
DA:13850,0
DA:13852,0
DA:13853,0
DA:13855,0
DA:13856,0
DA:13858,0
DA:13859,0
DA:13861,0
DA:13862,0
DA:13864,0
DA:13865,0
DA:13867,0
DA:13868,0
DA:13869,0
DA:13871,0
DA:13872,0
DA:13874,0
DA:13875,0
DA:13877,0
DA:13878,0
DA:13880,0
DA:13881,0
DA:13883,0
DA:13884,0
DA:13885,0
DA:13887,0
DA:13888,0
DA:13890,0
DA:13891,0
DA:13893,0
DA:13894,0
DA:13896,0
DA:13897,0
DA:13899,0
DA:13900,0
DA:13902,0
DA:13903,0
DA:13905,0
DA:13906,0
DA:13908,0
DA:13909,0
DA:13911,0
DA:13912,0
DA:13927,0
DA:13928,0
DA:13931,0
DA:13932,0
DA:13933,0
DA:13934,0
DA:13935,0
DA:13936,0
DA:13937,0
DA:13964,0
DA:13991,0
DA:14018,0
DA:14045,0
DA:14046,0
DA:14047,0
DA:14091,0
DA:14098,0
DA:14099,0
DA:14101,0
DA:14102,0
DA:14103,0
DA:14105,0
DA:14106,0
DA:14107,0
DA:14109,0
DA:14110,0
DA:14111,0
DA:14113,0
DA:14114,0
DA:14116,0
DA:14117,0
DA:14118,0
DA:14120,0
DA:14121,0
DA:14122,0
DA:14124,0
DA:14125,0
DA:14127,0
DA:14128,0
DA:14133,0
DA:14140,0
DA:14141,0
DA:14143,0
DA:14144,0
DA:14145,0
DA:14147,0
DA:14148,0
DA:14149,0
DA:14151,0
DA:14152,0
DA:14153,0
DA:14155,0
DA:14156,0
DA:14158,0
DA:14159,0
DA:14160,0
DA:14162,0
DA:14163,0
DA:14164,0
DA:14166,0
DA:14167,0
DA:14169,0
DA:14170,0
DA:14171,0
DA:14176,0
DA:14183,0
DA:14184,0
DA:14186,0
DA:14187,0
DA:14189,0
DA:14190,0
DA:14192,0
DA:14193,0
DA:14195,0
DA:14196,0
DA:14198,0
DA:14199,0
DA:14201,0
DA:14202,0
DA:14204,0
DA:14205,0
DA:14207,0
DA:14208,0
DA:14226,0
DA:14228,0
DA:14231,0
DA:14232,0
DA:14233,0
DA:14234,0
DA:14235,0
DA:14236,0
DA:14238,0
DA:14249,0
DA:14260,0
DA:14271,0
DA:14282,0
DA:14283,0
DA:14284,0
DA:14339,0
DA:14346,0
DA:14347,0
DA:14349,0
DA:14350,0
DA:14351,0
DA:14353,0
DA:14354,0
DA:14355,0
DA:14357,0
DA:14358,0
DA:14359,0
DA:14361,0
DA:14362,0
DA:14363,0
DA:14365,0
DA:14366,0
DA:14368,0
DA:14369,0
DA:14371,0
DA:14372,0
DA:14373,0
DA:14375,0
DA:14376,0
DA:14377,0
DA:14379,0
DA:14380,0
DA:14382,0
DA:14383,0
DA:14385,0
DA:14386,0
DA:14388,0
DA:14389,0
DA:14394,0
DA:14401,0
DA:14402,0
DA:14403,0
DA:14405,0
DA:14406,0
DA:14407,0
DA:14409,0
DA:14410,0
DA:14411,0
DA:14413,0
DA:14414,0
DA:14415,0
DA:14417,0
DA:14418,0
DA:14419,0
DA:14421,0
DA:14422,0
DA:14424,0
DA:14425,0
DA:14427,0
DA:14428,0
DA:14429,0
DA:14431,0
DA:14432,0
DA:14433,0
DA:14435,0
DA:14436,0
DA:14438,0
DA:14439,0
DA:14441,0
DA:14442,0
DA:14444,0
DA:14445,0
DA:14450,0
DA:14457,0
DA:14458,0
DA:14460,0
DA:14461,0
DA:14463,0
DA:14464,0
DA:14466,0
DA:14467,0
DA:14469,0
DA:14470,0
DA:14472,0
DA:14473,0
DA:14475,0
DA:14476,0
DA:14478,0
DA:14479,0
DA:14481,0
DA:14482,0
DA:14484,0
DA:14485,0
DA:14487,0
DA:14488,0
DA:14490,0
DA:14491,0
DA:14493,0
DA:14494,0
DA:14512,0
DA:14513,0
DA:14516,0
DA:14517,0
DA:14518,0
DA:14519,0
DA:14520,0
DA:14521,0
DA:14522,0
DA:14537,0
DA:14552,0
DA:14567,0
DA:14582,0
DA:14583,0
DA:14584,0
DA:14619,0
DA:14626,0
DA:14627,0
DA:14629,0
DA:14630,0
DA:14632,0
DA:14633,0
DA:14638,0
DA:14645,0
DA:14646,0
DA:14648,0
DA:14649,0
DA:14650,0
DA:14652,0
DA:14653,0
DA:14658,0
DA:14665,0
DA:14666,0
DA:14668,0
DA:14669,0
DA:14671,0
DA:14672,0
DA:14690,0
DA:14692,0
DA:14695,0
DA:14696,0
DA:14697,0
DA:14698,0
DA:14699,0
DA:14700,0
DA:14701,0
DA:14706,0
DA:14711,0
DA:14716,0
DA:14721,0
DA:14722,0
DA:14723,0
DA:14756,0
DA:14763,0
DA:14764,0
DA:14766,0
DA:14767,0
DA:14772,0
DA:14779,0
DA:14780,0
DA:14782,0
DA:14783,0
DA:14788,0
DA:14795,0
DA:14796,0
DA:14798,0
DA:14799,0
DA:14817,0
DA:14819,0
DA:14822,0
DA:14823,0
DA:14824,0
DA:14825,0
DA:14826,0
DA:14827,0
DA:14829,0
DA:14833,0
DA:14837,0
DA:14841,0
DA:14845,0
DA:14846,0
DA:14847,0
DA:14890,0
DA:14897,0
DA:14898,0
DA:14900,0
DA:14901,0
DA:14903,0
DA:14904,0
DA:14906,0
DA:14907,0
DA:14909,0
DA:14910,0
DA:14912,0
DA:14913,0
DA:14914,0
DA:14916,0
DA:14917,0
DA:14918,0
DA:14923,0
DA:14930,0
DA:14931,0
DA:14932,0
DA:14934,0
DA:14935,0
DA:14937,0
DA:14938,0
DA:14940,0
DA:14941,0
DA:14943,0
DA:14944,0
DA:14946,0
DA:14947,0
DA:14948,0
DA:14950,0
DA:14951,0
DA:14952,0
DA:14957,0
DA:14964,0
DA:14965,0
DA:14967,0
DA:14968,0
DA:14970,0
DA:14971,0
DA:14973,0
DA:14974,0
DA:14976,0
DA:14977,0
DA:14979,0
DA:14980,0
DA:14982,0
DA:14983,0
DA:15001,0
DA:15002,0
DA:15005,0
DA:15006,0
DA:15007,0
DA:15008,0
DA:15009,0
DA:15010,0
DA:15011,0
DA:15020,0
DA:15029,0
DA:15038,0
DA:15047,0
DA:15048,0
DA:15049,0
DA:15082,0
DA:15089,0
DA:15090,0
DA:15092,0
DA:15093,0
DA:15098,0
DA:15105,0
DA:15106,0
DA:15107,0
DA:15109,0
DA:15110,0
DA:15115,0
DA:15122,0
DA:15123,0
DA:15125,0
DA:15126,0
DA:15145,0
DA:15147,0
DA:15150,0
DA:15151,0
DA:15153,0
DA:15154,0
DA:15156,0
DA:15157,0
DA:15159,0
DA:15163,0
DA:15167,0
DA:15171,0
DA:15175,0
DA:15176,0
DA:15177,0
DA:15216,0
DA:15223,0
DA:15224,0
DA:15225,0
DA:15227,0
DA:15228,0
DA:15230,0
DA:15231,0
DA:15232,0
DA:15234,0
DA:15235,0
DA:15240,0
DA:15247,0
DA:15248,0
DA:15249,0
DA:15251,0
DA:15252,0
DA:15253,0
DA:15255,0
DA:15256,0
DA:15257,0
DA:15259,0
DA:15260,0
DA:15265,0
DA:15272,0
DA:15273,0
DA:15275,0
DA:15276,0
DA:15278,0
DA:15279,0
DA:15281,0
DA:15282,0
DA:15301,0
DA:15303,0
DA:15306,0
DA:15307,0
DA:15308,0
DA:15309,0
DA:15311,0
DA:15312,0
DA:15314,0
DA:15320,0
DA:15326,0
DA:15332,0
DA:15338,0
DA:15339,0
DA:15340,0
DA:15382,0
DA:15389,0
DA:15390,0
DA:15391,0
DA:15393,0
DA:15394,0
DA:15396,0
DA:15397,0
DA:15399,0
DA:15400,0
DA:15401,0
DA:15403,0
DA:15404,0
DA:15406,0
DA:15407,0
DA:15412,0
DA:15419,0
DA:15420,0
DA:15421,0
DA:15423,0
DA:15424,0
DA:15426,0
DA:15427,0
DA:15429,0
DA:15430,0
DA:15431,0
DA:15433,0
DA:15434,0
DA:15436,0
DA:15437,0
DA:15438,0
DA:15443,0
DA:15450,0
DA:15451,0
DA:15453,0
DA:15454,0
DA:15456,0
DA:15457,0
DA:15459,0
DA:15460,0
DA:15462,0
DA:15463,0
DA:15465,0
DA:15466,0
DA:15484,0
DA:15486,0
DA:15489,0
DA:15490,0
DA:15491,0
DA:15492,0
DA:15493,0
DA:15494,0
DA:15496,0
DA:15504,0
DA:15512,0
DA:15520,0
DA:15528,0
DA:15529,0
DA:15530,0
DA:15595,0
DA:15602,0
DA:15603,0
DA:15605,0
DA:15606,0
DA:15608,0
DA:15609,0
DA:15611,0
DA:15612,0
DA:15613,0
DA:15615,0
DA:15616,0
DA:15618,0
DA:15619,0
DA:15621,0
DA:15622,0
DA:15624,0
DA:15625,0
DA:15627,0
DA:15628,0
DA:15630,0
DA:15631,0
DA:15633,0
DA:15634,0
DA:15636,0
DA:15637,0
DA:15639,0
DA:15640,0
DA:15642,0
DA:15643,0
DA:15645,0
DA:15646,0
DA:15648,0
DA:15649,0
DA:15651,0
DA:15652,0
DA:15653,0
DA:15655,0
DA:15656,0
DA:15657,0
DA:15662,0
DA:15669,0
[...]
DA:299,0
DA:302,0
LF:121
LH:0
end_of_record
SF:lib/presentation/view/funders_page.dart
DA:4,28
DA:6,0
DA:8,0
DA:9,0
DA:12,0
DA:14,0
DA:17,0
DA:18,0
DA:20,0
DA:22,0
DA:33,0
DA:40,0
LF:12
LH:1
end_of_record
SF:lib/presentation/view/home_page/menu_actions.dart
DA:13,2
DA:15,2
DA:17,4
DA:18,6
DA:19,6
DA:22,4
DA:23,4
DA:25,2
DA:28,0
DA:30,0
DA:31,0
DA:33,0
DA:36,0
DA:38,0
DA:42,0
DA:44,0
DA:46,0
DA:48,0
DA:53,0
DA:55,0
DA:57,0
DA:58,0
DA:59,0
DA:64,0
DA:73,0
DA:74,0
DA:76,0
DA:77,0
DA:79,0
DA:80,0
DA:82,0
DA:83,0
DA:85,0
DA:86,0
DA:88,0
DA:89,0
DA:91,0
DA:92,0
DA:94,0
DA:95,0
DA:100,0
DA:102,0
DA:104,0
DA:108,0
DA:109,0
DA:110,0
DA:113,0
DA:114,0
DA:121,0
DA:122,0
DA:125,0
DA:137,0
DA:142,0
DA:144,0
DA:146,0
DA:149,0
DA:162,0
DA:164,0
DA:165,0
DA:166,0
DA:167,0
DA:193,0
DA:194,0
DA:196,0
DA:198,0
DA:199,0
DA:204,0
DA:210,0
DA:212,0
DA:215,0
DA:230,0
DA:233,0
DA:234,0
DA:238,0
DA:239,0
DA:243,0
DA:244,0
DA:245,0
DA:254,0
DA:255,0
DA:257,0
DA:258,0
DA:262,0
DA:263,0
DA:264,0
DA:274,0
DA:277,0
DA:278,0
DA:279,0
DA:286,0
DA:288,0
DA:289,0
DA:297,0
DA:298,0
DA:301,0
DA:312,0
DA:314,0
DA:315,0
DA:316,0
DA:317,0
DA:338,0
DA:339,0
DA:340,0
DA:343,0
DA:344,0
DA:345,0
DA:353,0
DA:355,0
DA:360,0
DA:363,0
DA:364,0
DA:365,0
DA:372,0
DA:375,0
DA:377,0
DA:378,0
DA:386,0
DA:387,0
DA:390,0
DA:400,0
DA:402,0
DA:403,0
DA:404,0
DA:405,0
DA:426,0
DA:427,0
DA:428,0
DA:431,0
DA:432,0
DA:433,0
DA:434,0
DA:436,0
DA:447,0
DA:449,0
DA:450,0
DA:458,0
DA:459,0
DA:462,0
DA:471,0
DA:473,0
DA:474,0
DA:475,0
DA:476,0
DA:497,0
DA:498,0
DA:499,0
DA:502,0
DA:503,0
DA:504,0
DA:512,0
DA:515,0
DA:516,0
DA:520,0
DA:521,0
DA:522,0
DA:523,0
DA:524,0
DA:526,0
DA:527,0
DA:538,0
DA:539,0
DA:540,0
DA:543,0
DA:545,0
DA:546,0
DA:548,0
DA:550,0
DA:553,0
DA:554,0
DA:555,0
DA:556,0
DA:557,0
DA:561,0
DA:562,0
DA:563,0
DA:572,0
DA:576,0
DA:577,0
DA:578,0
DA:587,0
DA:590,0
DA:591,0
DA:592,0
DA:599,0
DA:612,0
DA:614,0
DA:615,0
DA:616,0
DA:617,0
DA:619,0
DA:622,0
DA:623,0
DA:625,0
DA:628,0
DA:629,0
DA:631,0
DA:632,0
DA:633,0
DA:634,0
DA:635,0
DA:636,0
DA:637,0
DA:640,0
DA:641,0
DA:642,0
DA:644,0
DA:648,0
DA:649,0
DA:650,0
DA:651,0
DA:652,0
DA:653,0
DA:654,0
DA:655,0
DA:656,0
DA:657,0
DA:666,0
DA:667,0
DA:669,0
DA:670,0
DA:671,0
DA:672,0
DA:673,0
DA:674,0
DA:675,0
DA:678,0
DA:679,0
DA:680,0
DA:682,0
DA:686,0
DA:687,0
DA:688,0
DA:689,0
DA:690,0
DA:691,0
DA:692,0
DA:693,0
DA:694,0
DA:695,0
DA:703,0
DA:708,0
DA:709,0
DA:712,0
DA:717,0
DA:718,0
DA:720,0
DA:725,0
DA:727,0
DA:732,0
DA:734,0
DA:739,0
DA:741,0
DA:746,0
DA:748,0
DA:753,0
DA:757,0
DA:758,0
DA:759,0
DA:762,0
DA:763,0
DA:783,0
DA:784,0
DA:785,0
DA:786,0
DA:787,0
DA:788,0
DA:789,0
DA:796,0
DA:798,0
DA:799,0
DA:801,0
DA:804,0
DA:823,0
DA:824,0
DA:825,0
DA:828,0
DA:829,0
DA:837,0
DA:844,0
DA:857,0
DA:858,0
DA:859,0
DA:860,0
DA:861,0
DA:863,0
DA:866,0
DA:871,0
DA:872,0
DA:873,0
DA:874,0
DA:880,0
DA:883,0
DA:886,0
DA:887,0
DA:888,0
DA:891,0
DA:894,0
DA:895,0
DA:896,0
DA:900,0
DA:902,0
DA:909,0
DA:911,0
DA:913,0
DA:914,0
DA:922,0
DA:923,0
DA:926,0
DA:928,0
DA:932,0
DA:933,0
DA:934,0
DA:935,0
DA:936,0
DA:942,0
DA:946,0
DA:947,0
DA:952,0
DA:954,0
DA:960,0
DA:962,0
DA:963,0
DA:964,0
DA:965,0
DA:986,0
DA:987,0
DA:988,0
DA:996,0
DA:997,0
DA:998,0
DA:999,0
DA:1008,0
DA:1014,0
DA:1016,0
DA:1017,0
DA:1018,0
DA:1019,0
DA:1021,0
DA:1032,0
DA:1034,0
DA:1035,0
DA:1036,0
DA:1037,0
DA:1039,0
DA:1049,0
DA:1050,0
DA:1052,0
DA:1054,0
DA:1055,0
DA:1057,0
DA:1058,0
DA:1065,0
DA:1066,0
DA:1067,0
DA:1068,0
DA:1069,0
DA:1072,0
DA:1073,0
DA:1074,0
DA:1075,0
DA:1087,0
DA:1098,0
DA:1106,0
DA:1108,0
DA:1110,0
DA:1111,0
DA:1112,0
DA:1113,0
DA:1114,0
DA:1117,0
DA:1118,0
DA:1119,0
DA:1120,0
DA:1124,0
DA:1125,0
DA:1128,0
DA:1130,0
DA:1134,0
DA:1135,0
DA:1144,0
DA:1145,0
LF:381
LH:8
end_of_record
SF:lib/presentation/view/home_page/module_list_widget.dart
DA:9,29
DA:11,3
DA:13,6
DA:15,3
DA:16,0
DA:17,1
DA:18,1
DA:24,1
DA:26,0
DA:28,0
DA:29,0
DA:31,1
DA:33,1
DA:34,1
DA:35,1
DA:36,1
DA:41,3
DA:42,2
DA:43,1
DA:44,1
LF:20
LH:16
end_of_record
SF:lib/presentation/viewmodel/database/database_sync_service.dart
DA:8,4
DA:9,4
DA:10,2
DA:11,6
DA:12,4
DA:13,6
DA:24,3
DA:31,1
DA:33,2
DA:36,4
DA:39,2
DA:42,5
DA:45,3
DA:46,6
DA:49,5
LF:15
LH:15
end_of_record
SF:lib/presentation/widgets/sync_status_widget.dart
DA:23,28
DA:30,2
DA:31,2
DA:38,2
DA:40,6
DA:43,8
DA:44,2
DA:45,0
DA:46,0
DA:51,4
DA:52,0
DA:53,6
DA:57,4
DA:58,3
DA:59,4
DA:60,3
DA:61,4
DA:62,0
DA:67,2
DA:68,2
DA:71,1
DA:74,1
DA:77,1
DA:80,0
DA:86,4
DA:87,0
DA:89,0
DA:90,0
DA:92,0
DA:93,0
DA:94,0
DA:95,0
DA:96,0
DA:97,0
DA:100,0
DA:103,0
DA:104,0
DA:105,0
DA:107,0
DA:108,0
DA:109,0
DA:110,0
DA:114,0
DA:130,2
DA:131,2
DA:133,2
DA:135,2
DA:137,2
DA:138,0
DA:140,0
DA:141,0
DA:144,2
DA:145,2
DA:146,2
DA:148,8
DA:149,2
DA:150,2
DA:151,2
DA:152,2
DA:153,2
DA:154,2
DA:160,2
DA:161,2
DA:162,2
DA:164,2
DA:165,2
DA:167,2
DA:168,2
DA:169,2
DA:170,6
DA:172,2
DA:173,1
DA:174,5
DA:175,3
DA:178,2
DA:179,1
DA:180,1
DA:181,1
DA:184,1
DA:185,1
DA:186,1
DA:187,1
DA:190,1
DA:191,1
DA:192,1
DA:193,1
DA:194,1
DA:195,1
DA:196,1
DA:197,1
DA:198,1
DA:199,1
DA:200,1
DA:212,2
DA:213,0
DA:215,0
DA:216,0
DA:217,0
DA:218,0
DA:221,0
DA:222,0
DA:223,0
DA:225,0
DA:226,0
DA:227,0
DA:230,0
DA:231,0
DA:232,0
DA:235,0
DA:236,0
DA:237,0
DA:238,0
DA:241,0
DA:243,0
DA:250,4
DA:251,1
DA:252,2
DA:253,1
DA:255,1
DA:256,0
DA:258,0
DA:259,0
DA:260,0
DA:261,0
DA:263,0
DA:265,1
DA:268,1
DA:269,1
DA:270,1
DA:272,1
DA:273,3
DA:279,1
DA:280,1
DA:281,1
DA:282,1
DA:283,1
DA:284,1
DA:285,1
DA:288,1
DA:289,1
DA:296,2
DA:297,4
DA:299,8
DA:301,2
DA:302,2
DA:303,2
DA:304,2
DA:312,2
DA:314,2
DA:315,2
DA:316,2
DA:317,2
DA:318,2
DA:319,2
DA:321,2
DA:322,2
DA:325,6
DA:336,4
DA:337,1
DA:339,1
DA:340,3
DA:345,4
DA:346,1
DA:347,1
DA:348,2
DA:349,1
DA:351,1
DA:353,1
DA:354,1
DA:356,1
DA:358,1
DA:359,1
DA:360,3
DA:361,3
DA:363,1
DA:364,0
DA:365,0
DA:366,0
DA:369,1
DA:370,1
DA:371,1
DA:373,3
DA:375,1
DA:378,3
DA:387,1
DA:388,1
DA:389,1
DA:390,1
DA:399,4
DA:400,1
DA:401,0
DA:402,0
DA:404,0
DA:405,0
DA:406,0
DA:407,0
DA:410,0
DA:412,0
DA:413,0
DA:415,0
DA:417,0
DA:420,0
DA:430,2
DA:431,2
DA:432,2
DA:433,1
DA:435,1
DA:437,1
DA:438,1
DA:441,1
DA:442,1
DA:443,1
DA:444,1
DA:445,1
DA:446,1
DA:447,1
DA:448,1
DA:449,1
DA:450,1
DA:451,1
DA:455,1
DA:457,1
DA:459,1
DA:460,1
DA:461,2
DA:462,1
DA:463,1
DA:464,1
DA:465,1
DA:468,3
DA:472,1
DA:473,1
DA:487,2
DA:489,4
DA:490,1
DA:491,1
DA:492,4
DA:493,1
DA:496,2
DA:502,4
DA:503,0
DA:504,0
DA:505,0
DA:506,0
DA:507,0
DA:510,0
DA:513,0
DA:519,2
DA:522,4
DA:527,2
DA:529,2
DA:530,2
DA:533,1
DA:534,1
DA:535,0
DA:542,1
DA:543,1
DA:544,0
DA:551,1
DA:552,1
DA:553,0
DA:560,0
DA:561,0
DA:562,0
DA:575,0
DA:577,0
DA:581,1
DA:583,0
DA:589,1
DA:591,0
DA:597,1
DA:599,0
DA:605,1
DA:611,1
DA:612,1
DA:613,4
DA:614,1
DA:615,4
DA:617,1
DA:618,3
DA:619,0
DA:620,0
DA:622,0
DA:627,0
DA:628,0
DA:630,0
DA:632,0
DA:633,0
DA:634,0
DA:635,0
DA:644,0
DA:648,0
DA:651,0
DA:653,0
DA:656,0
DA:660,0
DA:663,0
DA:665,0
DA:673,0
DA:675,0
DA:676,0
DA:680,0
DA:681,0
DA:682,0
DA:684,0
DA:686,0
DA:688,0
DA:690,0
DA:692,0
DA:700,0
DA:701,0
DA:703,0
DA:704,0
DA:707,0
DA:710,0
DA:713,0
DA:716,0
DA:719,0
DA:727,1
DA:729,1
DA:733,3
DA:735,5
DA:737,3
DA:740,3
DA:742,1
DA:743,2
DA:746,1
DA:749,0
DA:750,0
DA:751,0
DA:752,0
DA:753,0
DA:755,0
DA:761,1
DA:768,0
DA:769,0
DA:771,0
DA:773,0
DA:774,0
DA:775,0
DA:779,0
DA:780,0
DA:791,0
DA:792,0
DA:793,0
DA:795,0
DA:798,0
DA:799,0
DA:800,0
DA:801,0
DA:802,0
DA:803,0
DA:804,0
DA:805,0
DA:806,0
DA:807,0
DA:812,0
DA:813,0
DA:814,0
DA:815,0
DA:821,0
DA:822,0
DA:824,0
DA:826,0
DA:827,0
DA:828,0
DA:831,0
DA:832,0
DA:843,0
DA:844,0
DA:845,0
DA:847,0
DA:850,0
DA:851,0
DA:852,0
DA:853,0
DA:854,0
DA:855,0
DA:856,0
DA:857,0
DA:858,0
DA:859,0
DA:864,0
DA:870,0
DA:871,0
DA:873,0
DA:875,0
DA:876,0
DA:877,0
DA:880,0
DA:881,0
DA:892,0
DA:893,0
DA:894,0
DA:896,0
DA:899,0
DA:900,0
DA:901,0
DA:902,0
DA:903,0
DA:904,0
DA:905,0
DA:906,0
DA:907,0
DA:908,0
DA:913,0
DA:914,0
DA:915,0
DA:916,0
DA:923,1
DA:924,0
DA:926,0
DA:927,0
DA:928,0
DA:929,0
DA:930,0
DA:932,0
DA:934,0
DA:936,0
DA:938,0
DA:939,0
DA:940,0
DA:945,0
DA:946,0
DA:949,0
DA:951,0
DA:952,0
DA:953,0
DA:954,0
DA:955,0
DA:956,0
DA:957,0
DA:959,0
DA:960,0
DA:961,0
DA:962,0
DA:963,0
DA:966,0
DA:968,0
DA:970,0
DA:971,0
DA:972,0
DA:973,0
DA:975,0
DA:976,0
DA:977,0
DA:978,0
DA:981,0
DA:982,0
DA:983,0
DA:984,0
DA:989,0
DA:992,0
DA:993,0
DA:994,0
DA:995,0
DA:996,0
DA:997,0
DA:999,0
DA:1001,0
DA:1002,0
DA:1005,0
DA:1008,0
DA:1010,0
DA:1014,0
DA:1026,0
DA:1028,0
DA:1029,0
DA:1031,0
DA:1034,0
DA:1035,0
DA:1040,0
DA:1043,0
DA:1044,0
DA:1048,0
DA:1051,0
DA:1052,0
DA:1058,0
DA:1060,0
DA:1061,0
DA:1062,0
DA:1065,0
DA:1066,0
DA:1067,0
DA:1068,0
DA:1071,0
DA:1073,0
DA:1076,0
DA:1077,0
DA:1078,0
DA:1079,0
DA:1090,0
DA:1094,0
DA:1095,0
DA:1099,0
DA:1100,0
DA:1101,0
DA:1102,0
DA:1103,0
DA:1104,0
DA:1105,0
DA:1106,0
DA:1109,0
DA:1110,0
DA:1111,0
DA:1114,0
DA:1117,0
DA:1118,0
DA:1120,0
DA:1122,0
DA:1134,1
DA:1136,3
DA:1141,0
DA:1143,0
DA:1144,0
DA:1146,0
DA:1147,0
DA:1149,0
DA:1151,0
DA:1157,0
DA:1159,0
DA:1160,0
DA:1161,0
DA:1163,0
DA:1164,0
DA:1166,0
DA:1167,0
DA:1168,0
DA:1169,0
DA:1170,0
DA:1171,0
DA:1176,0
DA:1177,0
DA:1178,0
DA:1179,0
DA:1182,0
DA:1195,1
DA:1197,1
DA:1229,1
DA:1230,3
DA:1234,0
DA:1236,0
DA:1237,0
DA:1238,0
DA:1239,0
DA:1241,0
DA:1242,0
DA:1243,0
DA:1244,0
DA:1245,0
DA:1248,0
DA:1252,0
DA:1253,0
DA:1254,0
DA:1255,0
DA:1256,0
DA:1257,0
DA:1258,0
DA:1259,0
DA:1264,0
DA:1266,0
DA:1267,0
DA:1268,0
DA:1269,0
DA:1272,0
DA:1274,0
DA:1276,0
DA:1277,0
DA:1279,0
DA:1280,0
DA:1281,0
DA:1284,0
DA:1285,0
DA:1286,0
DA:1287,0
DA:1288,0
LF:576
LH:212
end_of_record
SF:lib/presentation/widgets/log_export_widget.dart
DA:12,28
DA:18,0
DA:19,0
DA:28,0
DA:30,0
DA:31,0
DA:32,0
DA:35,0
DA:36,0
DA:37,0
DA:38,0
DA:39,0
DA:44,0
DA:49,0
DA:50,0
DA:58,0
DA:63,0
DA:68,0
DA:73,0
DA:80,0
DA:83,0
DA:84,0
DA:85,0
DA:88,0
DA:89,0
DA:90,0
DA:98,0
DA:100,0
DA:102,0
DA:104,0
DA:107,0
DA:109,0
DA:110,0
DA:113,0
DA:114,0
DA:115,0
DA:116,0
DA:121,0
DA:122,0
DA:123,0
DA:124,0
DA:125,0
DA:128,0
DA:136,0
DA:137,0
DA:139,0
DA:140,0
DA:141,0
DA:142,0
DA:143,0
DA:146,0
DA:148,0
DA:149,0
DA:151,0
DA:156,0
DA:159,0
DA:160,0
DA:161,0
DA:162,0
DA:163,0
DA:173,0
DA:177,0
DA:179,0
DA:181,0
DA:182,0
DA:185,0
DA:194,0
DA:195,0
DA:196,0
DA:197,0
DA:198,0
DA:201,0
DA:208,0
DA:209,0
DA:210,0
DA:213,0
DA:223,0
DA:228,0
DA:230,0
DA:237,0
DA:240,0
DA:241,0
DA:242,0
DA:243,0
DA:244,0
DA:245,0
DA:246,0
DA:252,0
DA:255,0
DA:257,0
DA:258,0
DA:259,0
DA:260,0
DA:261,0
DA:264,0
DA:265,0
DA:266,0
DA:269,0
DA:272,0
DA:273,0
DA:275,0
DA:277,0
DA:290,0
DA:291,0
DA:294,0
DA:295,0
DA:296,0
DA:302,0
DA:303,0
DA:307,0
DA:308,0
DA:310,0
DA:311,0
DA:312,0
DA:314,0
DA:318,0
DA:329,28
DA:331,0
DA:333,0
DA:334,0
DA:339,0
DA:341,0
DA:342,0
DA:345,0
DA:346,0
DA:348,0
DA:366,0
DA:367,0
DA:369,0
LF:129
LH:2
end_of_record
SF:lib/presentation/view/home_page/module_download_button.dart
DA:21,1
DA:29,1
DA:30,3
DA:32,1
DA:33,3
DA:35,1
DA:36,3
DA:38,1
DA:39,3
DA:41,0
DA:43,0
DA:44,0
DA:46,0
DA:47,0
DA:49,0
DA:52,0
DA:54,0
DA:55,0
DA:57,0
DA:59,0
DA:60,0
DA:61,0
DA:65,0
DA:70,0
DA:71,0
DA:76,1
DA:78,2
DA:79,1
DA:80,0
DA:81,0
DA:86,2
DA:87,2
DA:90,1
DA:91,0
DA:93,1
DA:95,1
DA:96,1
DA:98,1
DA:99,1
DA:102,0
DA:103,0
DA:105,1
DA:109,1
DA:110,1
DA:111,1
DA:112,1
DA:113,1
DA:114,1
DA:115,1
DA:116,1
DA:117,2
DA:119,1
DA:121,2
DA:122,0
DA:123,0
DA:124,0
DA:125,0
DA:127,0
DA:129,0
DA:130,0
DA:131,0
DA:132,0
DA:133,0
DA:144,0
DA:146,0
DA:148,0
DA:162,1
DA:183,1
DA:185,1
DA:186,1
DA:187,1
DA:190,2
DA:191,0
DA:192,0
DA:193,0
DA:198,1
DA:199,1
DA:200,0
DA:201,0
DA:203,0
DA:206,0
DA:207,0
DA:209,1
DA:213,1
DA:214,1
DA:218,1
DA:220,1
DA:221,1
DA:222,2
DA:226,1
DA:229,4
DA:231,1
DA:242,0
DA:253,0
DA:255,0
DA:257,0
DA:259,0
DA:260,0
DA:262,0
LF:99
LH:50
end_of_record
SF:lib/presentation/view/module/module_loading_page.dart
DA:10,0
DA:12,0
DA:15,0
DA:16,0
DA:20,0
DA:21,0
DA:22,0
DA:23,0
DA:25,0
DA:26,0
DA:27,0
DA:28,0
DA:39,0
DA:40,0
DA:42,0
DA:43,0
DA:44,0
DA:45,0
DA:49,0
DA:50,0
DA:51,0
DA:52,0
DA:53,0
DA:64,0
DA:65,0
DA:66,0
DA:68,0
DA:72,0
DA:73,0
DA:75,0
DA:76,0
DA:78,0
DA:79,0
DA:80,0
DA:81,0
LF:35
LH:0
end_of_record
SF:lib/presentation/view/home_page/module_item_card_widget.dart
DA:7,1
DA:11,1
DA:13,1
DA:16,1
DA:18,1
DA:20,1
DA:21,1
DA:22,1
DA:24,1
DA:25,1
DA:26,3
DA:27,4
DA:32,1
DA:33,3
DA:35,3
DA:42,1
DA:44,2
LF:17
LH:17
end_of_record
SF:lib/presentation/viewmodel/module_detail_viewmodel.dart
DA:20,28
DA:26,0
DA:32,0
DA:33,0
DA:39,0
DA:40,0
DA:51,0
DA:52,0
DA:54,0
DA:56,0
DA:57,0
DA:58,0
DA:60,0
DA:66,0
DA:67,0
DA:68,0
DA:69,0
DA:70,0
DA:71,0
LF:19
LH:1
end_of_record
SF:lib/presentation/viewmodel/conflict_resolution_service.dart
DA:6,3
DA:9,0
DA:10,0
DA:11,0
DA:12,0
DA:13,0
DA:16,0
DA:22,0
DA:23,0
DA:24,0
DA:28,1
DA:29,1
DA:30,2
DA:34,0
DA:35,0
DA:39,1
DA:40,8
DA:50,0
DA:58,4
DA:59,1
LF:20
LH:8
end_of_record
SF:lib/presentation/widgets/conflict_card_widget.dart
DA:18,1
DA:25,0
DA:26,0
DA:27,0
DA:30,0
DA:34,0
DA:35,0
DA:37,0
DA:39,0
DA:40,0
DA:50,0
DA:53,0
DA:54,0
DA:55,0
DA:56,0
DA:57,0
DA:61,0
DA:62,0
DA:64,0
DA:65,0
DA:70,0
DA:74,0
DA:82,0
DA:85,0
DA:86,0
DA:87,0
DA:88,0
DA:89,0
DA:91,0
DA:92,0
DA:93,0
DA:100,0
DA:107,0
DA:110,1
DA:116,3
DA:117,2
DA:118,2
DA:125,2
DA:126,2
DA:129,3
DA:132,1
DA:134,1
DA:137,1
DA:139,0
DA:140,1
DA:142,1
DA:143,0
DA:145,0
DA:146,0
DA:148,0
DA:149,0
DA:151,0
DA:155,0
DA:156,0
DA:157,0
DA:158,0
DA:159,0
DA:161,0
DA:163,0
DA:164,0
DA:166,0
DA:167,0
DA:169,0
DA:170,0
DA:172,0
DA:173,0
DA:175,0
DA:178,0
DA:180,0
DA:182,0
DA:184,0
DA:185,0
DA:187,0
DA:188,0
DA:190,0
DA:191,0
DA:193,0
DA:194,0
DA:196,0
DA:200,0
DA:201,0
DA:204,0
DA:205,0
DA:206,0
DA:209,0
DA:210,0
DA:211,0
DA:219,1
DA:222,1
DA:223,1
DA:224,1
DA:226,0
DA:227,2
DA:228,4
DA:229,0
DA:233,1
DA:235,1
DA:237,1
DA:239,0
DA:240,2
DA:241,4
DA:242,0
DA:244,1
DA:246,1
DA:247,1
DA:248,1
DA:249,1
DA:250,1
DA:253,1
DA:257,2
DA:258,3
DA:259,0
DA:262,1
DA:263,1
DA:265,1
DA:266,1
DA:267,1
DA:268,4
DA:273,0
DA:274,0
DA:275,0
DA:276,0
DA:277,0
DA:287,1
DA:289,3
DA:290,1
DA:293,3
DA:296,0
DA:297,0
DA:298,0
DA:300,0
DA:310,1
DA:312,1
DA:314,1
DA:316,5
DA:317,1
DA:320,1
DA:321,4
DA:322,1
DA:323,1
DA:324,4
DA:328,1
DA:330,1
DA:331,1
DA:332,1
DA:333,1
DA:336,3
DA:339,1
DA:341,1
DA:344,3
DA:350,3
DA:356,2
DA:357,2
DA:358,0
DA:361,0
DA:362,0
DA:363,0
DA:364,0
DA:365,0
DA:369,0
DA:370,0
DA:371,0
DA:372,0
DA:374,0
DA:377,0
DA:378,0
DA:379,0
DA:380,0
DA:383,0
DA:392,2
DA:393,1
DA:395,1
DA:396,1
DA:397,1
DA:400,4
DA:403,1
DA:405,1
DA:408,4
DA:411,1
DA:412,1
DA:413,3
DA:414,1
DA:416,3
DA:425,2
DA:426,2
DA:427,0
DA:429,0
DA:430,0
DA:431,0
DA:432,0
DA:434,0
DA:435,0
DA:436,0
DA:437,0
DA:438,0
DA:442,0
DA:443,0
DA:444,0
DA:447,0
DA:450,0
DA:452,0
DA:455,0
DA:458,0
DA:459,0
DA:460,0
DA:461,0
DA:463,0
DA:475,2
DA:476,0
DA:478,0
DA:480,0
DA:481,0
DA:482,0
DA:483,0
DA:486,0
DA:489,0
DA:491,0
DA:494,0
DA:499,0
DA:501,0
DA:503,0
DA:504,0
DA:505,0
DA:506,0
DA:508,0
DA:512,0
DA:513,0
DA:514,0
DA:516,0
DA:527,1
DA:528,1
DA:529,1
DA:532,4
DA:535,1
DA:537,1
DA:540,4
DA:543,1
DA:544,3
DA:545,1
DA:547,3
DA:558,1
DA:559,0
DA:560,0
DA:561,0
DA:563,0
DA:566,1
DA:569,4
DA:570,1
DA:572,1
DA:573,1
DA:576,3
DA:579,1
DA:581,1
DA:582,3
DA:597,1
DA:599,1
DA:601,1
DA:603,1
DA:605,1
DA:612,1
DA:613,1
DA:615,2
DA:616,1
DA:617,2
DA:620,2
DA:621,1
DA:622,2
DA:625,2
DA:626,1
DA:627,2
DA:630,2
DA:631,1
DA:632,2
DA:635,2
DA:636,0
DA:637,0
DA:644,1
DA:645,1
DA:647,1
DA:648,0
DA:650,0
DA:652,0
DA:658,1
DA:661,1
DA:664,3
DA:665,1
DA:668,1
DA:669,1
DA:670,1
DA:675,1
DA:676,3
DA:677,1
DA:679,3
DA:682,1
DA:683,1
DA:685,3
DA:688,1
DA:689,1
DA:690,1
DA:691,4
DA:699,6
DA:700,1
DA:701,1
DA:704,4
DA:711,1
LF:305
LH:149
end_of_record
SF:lib/presentation/widgets/conflict_navigation_service.dart
DA:24,0
DA:26,0
DA:27,0
DA:28,0
DA:29,0
DA:30,0
DA:31,0
DA:32,0
DA:33,0
DA:34,0
DA:35,0
DA:36,0
DA:37,0
DA:38,0
DA:39,0
DA:40,0
DA:41,0
DA:42,0
DA:43,0
DA:44,0
DA:45,0
DA:53,0
DA:58,0
DA:65,0
DA:66,0
DA:67,0
DA:68,0
DA:74,0
DA:79,0
DA:81,0
DA:88,0
DA:89,0
DA:92,0
DA:94,0
DA:98,0
DA:99,0
DA:100,0
DA:104,0
DA:105,0
DA:106,0
DA:110,0
DA:111,0
DA:112,0
DA:116,0
DA:117,0
DA:118,0
DA:122,0
DA:123,0
DA:124,0
DA:129,0
DA:130,0
DA:131,0
DA:138,0
DA:139,0
DA:140,0
DA:144,0
DA:145,0
DA:146,0
DA:150,0
DA:151,0
DA:152,0
DA:157,0
DA:158,0
DA:159,0
DA:164,0
DA:165,0
DA:166,0
DA:171,0
DA:172,0
DA:173,0
DA:179,0
DA:181,0
DA:182,0
DA:186,0
DA:187,0
DA:188,0
DA:189,0
DA:190,0
DA:191,0
DA:192,0
DA:193,0
DA:195,0
DA:196,0
DA:197,0
DA:198,0
DA:200,0
DA:201,0
DA:202,0
DA:203,0
DA:204,0
DA:209,0
DA:212,0
DA:218,0
DA:219,0
DA:222,0
DA:225,0
DA:226,0
DA:232,0
DA:233,0
DA:234,0
DA:235,0
DA:237,0
DA:239,0
DA:242,0
DA:243,0
DA:244,0
DA:245,0
DA:246,0
DA:248,0
DA:249,0
DA:252,0
DA:253,0
DA:256,0
DA:257,0
DA:258,0
DA:261,0
DA:265,0
DA:266,0
DA:268,0
DA:272,0
DA:277,0
DA:279,0
DA:280,0
DA:281,0
DA:284,0
DA:285,0
DA:286,0
DA:287,0
DA:288,0
DA:292,0
DA:297,0
DA:300,0
DA:301,0
DA:303,0
DA:304,0
DA:305,0
DA:316,0
DA:318,0
DA:319,0
DA:320,0
DA:327,0
DA:328,0
DA:333,0
DA:335,0
DA:336,0
DA:338,0
DA:339,0
DA:354,0
DA:356,0
DA:357,0
DA:364,0
DA:365,0
DA:370,0
DA:372,0
DA:373,0
DA:375,0
DA:376,0
DA:386,0
DA:388,0
DA:389,0
DA:395,0
DA:400,0
DA:402,0
DA:403,0
DA:405,0
DA:406,0
DA:415,0
DA:417,0
DA:418,0
DA:430,0
DA:431,0
DA:437,0
DA:439,0
DA:440,0
DA:442,0
DA:443,0
DA:450,0
DA:452,0
DA:453,0
DA:460,0
DA:461,0
DA:464,0
DA:468,0
DA:470,0
DA:471,0
DA:472,0
DA:473,0
DA:474,0
DA:475,0
DA:478,0
DA:479,0
DA:480,0
DA:483,0
DA:487,0
DA:489,0
DA:490,0
DA:491,0
DA:493,0
DA:494,0
DA:495,0
DA:496,0
DA:498,0
DA:499,0
DA:502,0
DA:503,0
DA:504,0
DA:507,0
DA:509,0
DA:511,0
DA:512,0
DA:514,0
DA:515,0
DA:523,0
DA:525,0
DA:526,0
DA:531,0
DA:532,0
DA:533,0
DA:539,0
DA:540,0
DA:543,0
DA:545,0
DA:546,0
DA:547,0
DA:548,0
DA:549,0
DA:551,0
DA:552,0
DA:553,0
DA:555,0
DA:556,0
DA:558,0
DA:559,0
DA:568,0
DA:570,0
DA:571,0
DA:581,0
DA:582,0
DA:585,0
DA:586,0
DA:587,0
DA:588,0
DA:591,0
DA:593,0
DA:595,0
DA:596,0
DA:602,0
DA:603,0
DA:606,0
DA:607,0
DA:608,0
DA:609,0
DA:612,0
LF:253
LH:0
end_of_record
SF:lib/presentation/widgets/conflict_dialog_widget.dart
DA:15,0
DA:21,0
DA:24,0
DA:25,0
DA:26,0
DA:28,0
DA:29,0
DA:30,0
DA:31,0
DA:32,0
DA:33,0
DA:34,0
DA:39,0
DA:41,0
DA:43,0
DA:44,0
DA:46,0
DA:51,0
DA:52,0
DA:54,0
DA:57,0
DA:58,0
DA:59,0
DA:60,0
DA:63,0
DA:65,0
DA:67,0
DA:68,0
DA:71,0
DA:74,0
DA:75,0
DA:77,0
DA:79,0
DA:88,0
DA:90,0
DA:92,0
DA:93,0
DA:94,0
DA:95,0
DA:97,0
DA:101,0
DA:102,0
DA:103,0
DA:106,0
DA:111,0
DA:113,0
DA:116,0
DA:124,0
DA:125,0
DA:126,0
DA:127,0
DA:129,0
DA:130,0
DA:133,0
DA:136,0
DA:138,0
DA:145,0
DA:146,0
DA:148,0
DA:149,0
DA:150,0
DA:151,0
DA:165,0
DA:166,0
DA:167,0
DA:177,0
DA:178,0
DA:179,0
DA:180,0
DA:181,0
DA:182,0
DA:183,0
DA:184,0
DA:185,0
DA:188,0
DA:189,0
DA:190,0
DA:191,0
DA:194,0
DA:195,0
DA:196,0
DA:197,0
DA:200,0
DA:201,0
DA:202,0
DA:205,0
DA:206,0
DA:207,0
DA:208,0
DA:210,0
DA:211,0
DA:214,0
DA:216,0
DA:220,0
DA:222,0
DA:223,0
DA:224,0
DA:225,0
DA:226,0
DA:227,0
DA:232,0
DA:233,0
DA:234,0
DA:235,0
DA:236,0
DA:237,0
DA:240,0
DA:241,0
DA:243,0
DA:244,0
DA:249,0
DA:250,0
DA:251,0
DA:252,0
DA:253,0
DA:254,0
DA:255,0
DA:257,0
DA:258,0
DA:259,0
DA:270,0
DA:273,0
DA:274,0
DA:278,0
DA:279,0
DA:280,0
DA:281,0
DA:283,0
DA:284,0
DA:285,0
DA:286,0
DA:287,0
DA:293,0
DA:296,0
DA:297,0
DA:298,0
DA:299,0
DA:300,0
DA:301,0
DA:302,0
DA:304,0
DA:306,0
DA:307,0
DA:316,0
DA:318,0
DA:320,0
LF:146
LH:0
end_of_record
SF:lib/presentation/viewmodel/testable_sync_service.dart
DA:7,0
DA:8,0
DA:9,0
DA:10,0
DA:11,0
DA:12,0
DA:13,0
DA:15,0
DA:20,0
DA:27,1
DA:37,1
DA:43,1
DA:58,2
DA:60,1
DA:66,1
DA:67,1
DA:74,1
DA:79,2
DA:81,1
DA:87,1
DA:88,1
LF:21
LH:12
end_of_record
SF:lib/domain/usecase/get_nomenclature_by_code_use_case_impl.dart
DA:8,1
DA:10,1
DA:12,2
DA:15,1
DA:19,1
DA:20,2
DA:23,1
DA:24,5
LF:8
LH:8
end_of_record
SF:lib/domain/usecase/get_module_nomenclatures_use_case_impl.dart
DA:11,1
DA:13,1
DA:18,2
DA:21,1
DA:22,0
DA:26,3
DA:29,1
DA:31,1
DA:32,1
DA:36,2
DA:40,3
DA:41,3
DA:42,1
DA:44,1
DA:45,0
DA:49,2
DA:53,4
DA:54,1
DA:61,1
DA:65,2
DA:66,3
DA:71,3
DA:72,2
DA:73,2
DA:74,2
DA:75,2
DA:76,2
DA:82,1
DA:85,2
DA:87,3
DA:90,2
DA:91,2
DA:92,1
DA:93,1
LF:34
LH:32
end_of_record
